 line   address	contents
    1                      ; Linked by DLX-LD.
    2                      ; MemSize 24576
    3                      ; Data size: 810
    4                      ; Text size: 5276
    5                      ; Stack size: 8192
    6  00000000          	.text 0x1000
    7  00001000          	.data 0x3000
    8                      ; Compiled by GCC
    9  00003000          	.text
   10  00001000          	.align 2
   11  00001000          	.proc _isspace
   12  00001000          	.global _isspace
   13  00001000          	_isspace:
   14                      ;  Function 'isspace'; 0 bytes of locals, 1 regs to save.
   15  00001000  afbefffc	sw	-4(r29),r30; push fp
   16  00001004  001df020	add	r30,r0,r29; fp = sp
   17  00001008  afbffff8	sw	-8(r29),r31; push ret addr
   18  0000100c  2fbd0010	subui	r29,r29,#16; alloc local storage
   19  00001010  afa20000	sw	0(r29),r2
   20  00001014  83c20003	lb	r2,3(r30)
   21  00001018  201f0000	addi	r31,r0,#0
   22  0000101c  304100ff	andi	r1,r2,#0x00ff
   23  00001020  60210020	seqi	r1,r1,#32
   24  00001024  14200018	bnez	r1,L6_LF0
   25  00001028  54000000	nop; not filled.
   26  0000102c  2041fff7	addi	r1,r2,#-9
   27  00001030  302100ff	andi	r1,r1,#0x00ff
   28  00001034  70210001	sleui	r1,r1,#1
   29  00001038  10200008	beqz	r1,L5_LF0
   30  0000103c  54000000	nop; not filled.
   31  00001040          	L6_LF0:
   32  00001040  201f0001	addi	r31,r0,#1
   33  00001044          	L5_LF0:
   34  00001044  001f0820	add	r1,r0,r31
   35  00001048  8fa20000	lw	r2,0(r29)
   36  0000104c  8fdffff8	lw	r31,-8(r30)
   37  00001050  001ee820	add	r29,r0,r30
   38  00001054  8fdefffc	lw	r30,-4(r30)
   39  00001058  4be00000	jr	r31
   40  0000105c  54000000	nop
   41  00001060          	.endproc _isspace
   42  00001060          	.align 2
   43  00001060          	.proc _isxdigit
   44  00001060          	.global _isxdigit
   45  00001060          	_isxdigit:
   46                      ;  Function 'isxdigit'; 0 bytes of locals, 1 regs to save.
   47  00001060  afbefffc	sw	-4(r29),r30; push fp
   48  00001064  001df020	add	r30,r0,r29; fp = sp
   49  00001068  afbffff8	sw	-8(r29),r31; push ret addr
   50  0000106c  2fbd0010	subui	r29,r29,#16; alloc local storage
   51  00001070  afa20000	sw	0(r29),r2
   52  00001074  83df0003	lb	r31,3(r30)
   53  00001078  20020000	addi	r2,r0,#0
   54  0000107c  23e1ffd0	addi	r1,r31,#-48
   55  00001080  302100ff	andi	r1,r1,#0x00ff
   56  00001084  70210009	sleui	r1,r1,#9
   57  00001088  14200028	bnez	r1,L12_LF0
   58  0000108c  54000000	nop; not filled.
   59  00001090  23e1ff9f	addi	r1,r31,#-97
   60  00001094  302100ff	andi	r1,r1,#0x00ff
   61  00001098  70210005	sleui	r1,r1,#5
   62  0000109c  14200014	bnez	r1,L12_LF0
   63  000010a0  54000000	nop; not filled.
   64  000010a4  33e100ff	andi	r1,r31,#0x00ff
   65  000010a8  64210041	snei	r1,r1,#65
   66  000010ac  14200008	bnez	r1,L11_LF0
   67  000010b0  54000000	nop; not filled.
   68  000010b4          	L12_LF0:
   69  000010b4  20020001	addi	r2,r0,#1
   70  000010b8          	L11_LF0:
   71  000010b8  00020820	add	r1,r0,r2
   72  000010bc  8fa20000	lw	r2,0(r29)
   73  000010c0  8fdffff8	lw	r31,-8(r30)
   74  000010c4  001ee820	add	r29,r0,r30
   75  000010c8  8fdefffc	lw	r30,-4(r30)
   76  000010cc  4be00000	jr	r31
   77  000010d0  54000000	nop
   78  000010d4          	.endproc _isxdigit
   79  000010d4          	.data
   80  00003000          	.align 2
   81  00003000          	LC0_LF0:
   82  00003000  55736167	.ascii "Usage: %s <number of hello world processes to create>\n\000"
   82  00003004  653a2025	
   82  00003008  73203c6e	
   82  0000300c  756d6265	
   82  00003010  72206f66	
   82  00003014  2068656c	
   82  00003018  6c6f2077	
   82  0000301c  6f726c64	
   82  00003020  2070726f	
   82  00003024  63657373	
   82  00003028  65732074	
   82  0000302c  6f206372	
   82  00003030  65617465	
   82  00003034  3e0a00  	
   83  00003037          	.align 2
   84  00003038          	LC1_LF0:
   85  00003038  6d616b65	.ascii "makeprocs (%d): Creating %d hello_world processes\n\000"
   85  0000303c  70726f63	
   85  00003040  73202825	
   85  00003044  64293a20	
   85  00003048  43726561	
   85  0000304c  74696e67	
   85  00003050  20256420	
   85  00003054  68656c6c	
   85  00003058  6f5f776f	
   85  0000305c  726c6420	
   85  00003060  70726f63	
   85  00003064  65737365	
   85  00003068  730a00  	
   86  0000306b          	.align 2
   87  0000306c          	LC2_LF0:
   88  0000306c  6d616b65	.ascii "makeprocs (%d): Bad sem_create\n\000"
   88  00003070  70726f63	
   88  00003074  73202825	
   88  00003078  64293a20	
   88  0000307c  42616420	
   88  00003080  73656d5f	
   88  00003084  63726561	
   88  00003088  74650a00	
   89  0000308c          	.align 2
   90  0000308c          	LC3_LF0:
   91  0000308c  2d2d2d2d	.ascii "----------------------------------------------------------------------"
   91  00003090  2d2d2d2d	
   91  00003094  2d2d2d2d	
   91  00003098  2d2d2d2d	
   91  0000309c  2d2d2d2d	
   91  000030a0  2d2d2d2d	
   91  000030a4  2d2d2d2d	
   91  000030a8  2d2d2d2d	
   91  000030ac  2d2d2d2d	
   91  000030b0  2d2d2d2d	
   91  000030b4  2d2d2d2d	
   91  000030b8  2d2d2d2d	
   91  000030bc  2d2d2d2d	
   91  000030c0  2d2d2d2d	
   91  000030c4  2d2d2d2d	
   91  000030c8  2d2d2d2d	
   91  000030cc  2d2d2d2d	
   91  000030d0  2d2d    	
   92  000030d2  2d2d2d2d	.ascii "---------------\n\000"
   92  000030d6  2d2d2d2d	
   92  000030da  2d2d2d2d	
   92  000030de  2d2d2d0a	
   92  000030e2  00      	
   93  000030e3          	.align 2
   94  000030e4          	LC4_LF0:
   95  000030e4  6d616b65	.ascii "makeprocs (%d): Creating %d hello world\'s in a row for test1, but onl"
   95  000030e8  70726f63	
   95  000030ec  73202825	
   95  000030f0  64293a20	
   95  000030f4  43726561	
   95  000030f8  74696e67	
   95  000030fc  20256420	
   95  00003100  68656c6c	
   95  00003104  6f20776f	
   95  00003108  726c6427	
   95  0000310c  7320696e	
   95  00003110  20612072	
   95  00003114  6f772066	
   95  00003118  6f722074	
   95  0000311c  65737431	
   95  00003120  2c206275	
   95  00003124  74206f6e	
   95  00003128  6c      	
   96  00003129  79206f6e	.ascii "y one runs at a time\n\000"
   96  0000312d  65207275	
   96  00003131  6e732061	
   96  00003135  74206120	
   96  00003139  74696d65	
   96  0000313d  0a00    	
   97  0000313f          	.align 2
   98  00003140          	LC5_LF0:
   99  00003140  6d616b65	.ascii "makeprocs (%d): Creating hello world #%d\n\000"
   99  00003144  70726f63	
   99  00003148  73202825	
   99  0000314c  64293a20	
   99  00003150  43726561	
   99  00003154  74696e67	
   99  00003158  2068656c	
   99  0000315c  6c6f2077	
   99  00003160  6f726c64	
   99  00003164  20232564	
   99  00003168  0a00    	
  100  0000316a          	.align 2
  101  0000316c          	LC6_LF0:
  102  0000316c  74657374	.ascii "test1.dlx.obj\000"
  102  00003170  312e646c	
  102  00003174  782e6f62	
  102  00003178  6a00    	
  103  0000317a          	.align 2
  104  0000317c          	LC7_LF0:
  105  0000317c  42616420	.ascii "Bad semaphore s_procs_completed (%d) in %s\n\000"
  105  00003180  73656d61	
  105  00003184  70686f72	
  105  00003188  6520735f	
  105  0000318c  70726f63	
  105  00003190  735f636f	
  105  00003194  6d706c65	
  105  00003198  74656420	
  105  0000319c  28256429	
  105  000031a0  20696e20	
  105  000031a4  25730a00	
  106  000031a8          	.align 2
  107  000031a8          	LC8_LF0:
  108  000031a8  6d616b65	.ascii "makeprocs (%d): Test 2, Attempting to access outside of max bounds\n\000"
  108  000031ac  70726f63	
  108  000031b0  73202825	
  108  000031b4  64293a20	
  108  000031b8  54657374	
  108  000031bc  20322c20	
  108  000031c0  41747465	
  108  000031c4  6d707469	
  108  000031c8  6e672074	
  108  000031cc  6f206163	
  108  000031d0  63657373	
  108  000031d4  206f7574	
  108  000031d8  73696465	
  108  000031dc  206f6620	
  108  000031e0  6d617820	
  108  000031e4  626f756e	
  108  000031e8  64730a00	
  109  000031ec          	.align 2
  110  000031ec          	LC9_LF0:
  111  000031ec  6d616b65	.ascii "makeprocs (%d): Creating process #%d\n\000"
  111  000031f0  70726f63	
  111  000031f4  73202825	
  111  000031f8  64293a20	
  111  000031fc  43726561	
  111  00003200  74696e67	
  111  00003204  2070726f	
  111  00003208  63657373	
  111  0000320c  20232564	
  111  00003210  0a00    	
  112  00003212          	.align 2
  113  00003214          	LC10_LF0:
  114  00003214  74657374	.ascii "test2.dlx.obj\000"
  114  00003218  322e646c	
  114  0000321c  782e6f62	
  114  00003220  6a00    	
  115  00003222          	.align 2
  116  00003224          	LC11_LF0:
  117  00003224  6d616b65	.ascii "makeprocs (%d): Test 3, Attempting to trigger segfault from MemoryPage"
  117  00003228  70726f63	
  117  0000322c  73202825	
  117  00003230  64293a20	
  117  00003234  54657374	
  117  00003238  20332c20	
  117  0000323c  41747465	
  117  00003240  6d707469	
  117  00003244  6e672074	
  117  00003248  6f207472	
  117  0000324c  69676765	
  117  00003250  72207365	
  117  00003254  67666175	
  117  00003258  6c742066	
  117  0000325c  726f6d20	
  117  00003260  4d656d6f	
  117  00003264  72795061	
  117  00003268  6765    	
  118  0000326a  4661756c	.ascii "FaultHandler\n\000"
  118  0000326e  7448616e	
  118  00003272  646c6572	
  118  00003276  0a00    	
  119  00003278          	.align 2
  120  00003278          	LC12_LF0:
  121  00003278  74657374	.ascii "test3.dlx.obj\000"
  121  0000327c  332e646c	
  121  00003280  782e6f62	
  121  00003284  6a00    	
  122  00003286          	.align 2
  123  00003288          	LC13_LF0:
  124  00003288  6d616b65	.ascii "makeprocs (%d): Creating %d hello world\'s in a row for test5, but onl"
  124  0000328c  70726f63	
  124  00003290  73202825	
  124  00003294  64293a20	
  124  00003298  43726561	
  124  0000329c  74696e67	
  124  000032a0  20256420	
  124  000032a4  68656c6c	
  124  000032a8  6f20776f	
  124  000032ac  726c6427	
  124  000032b0  7320696e	
  124  000032b4  20612072	
  124  000032b8  6f772066	
  124  000032bc  6f722074	
  124  000032c0  65737435	
  124  000032c4  2c206275	
  124  000032c8  74206f6e	
  124  000032cc  6c      	
  125  000032cd  79206f6e	.ascii "y one runs at a time\n\000"
  125  000032d1  65207275	
  125  000032d5  6e732061	
  125  000032d9  74206120	
  125  000032dd  74696d65	
  125  000032e1  0a00    	
  126  000032e3          	.align 2
  127  000032e4          	LC14_LF0:
  128  000032e4  6d616b65	.ascii "makeprocs (%d): All other processes completed, exiting main process.\n"
  128  000032e8  70726f63	
  128  000032ec  73202825	
  128  000032f0  64293a20	
  128  000032f4  416c6c20	
  128  000032f8  6f746865	
  128  000032fc  72207072	
  128  00003300  6f636573	
  128  00003304  73657320	
  128  00003308  636f6d70	
  128  0000330c  6c657465	
  128  00003310  642c2065	
  128  00003314  78697469	
  128  00003318  6e67206d	
  128  0000331c  61696e20	
  128  00003320  70726f63	
  128  00003324  6573732e	
  128  00003328  0a      	
  129  00003329  00      	.ascii "\000"
  130  0000332a          	.text
  131  000010d4          	.align 2
  132  000010d4          	.proc _main
  133  000010d4          	.global _main
  134  000010d4          	_main:
  135                      ;  Function 'main'; 16 bytes of locals, 0 regs to save.
  136  000010d4  afbefffc	sw	-4(r29),r30; push fp
  137  000010d8  001df020	add	r30,r0,r29; fp = sp
  138  000010dc  afbffff8	sw	-8(r29),r31; push ret addr
  139  000010e0  2fbd0018	subui	r29,r29,#24; alloc local storage
  140  000010e4  8fc20000	lw	r2,(r30)
  141  000010e8  8fc60004	lw	r6,4(r30)
  142  000010ec  0c0013a4	jal	___main
  143  000010f0  54000000	nop; not filled.
  144  000010f4  64410002	snei	r1,r2,#2
  145  000010f8  10200030	beqz	r1,L14_LF0
  146  000010fc  54000000	nop; not filled.
  147  00001100  23bdfff8	addi	r29,r29,#-8
  148  00001104  3c090000	lhi	r9,((LC0_LF0)>>16)&0xffff
  149  00001108  25293000	addui	r9,r9,(LC0_LF0)&0xffff
  150  0000110c  afa90000	sw	(r29),r9
  151  00001110  8cc10000	lw	r1,(r6)
  152  00001114  afa10004	sw	4(r29),r1
  153  00001118  0c0004b8	jal	_Printf
  154  0000111c  54000000	nop; not filled.
  155  00001120  0c0005b8	jal	_Exit
  156  00001124  54000000	nop; not filled.
  157  00001128  23bd0008	addi	r29,r29,#8
  158  0000112c          	L14_LF0:
  159  0000112c  23bdfff0	addi	r29,r29,#-16
  160  00001130  8cc90004	lw	r9,4(r6)
  161  00001134  afa90000	sw	(r29),r9
  162  00001138  20090000	addi	r9,r0,#0
  163  0000113c  afa90004	sw	4(r29),r9
  164  00001140  2009000a	addi	r9,r0,#10
  165  00001144  afa90008	sw	8(r29),r9
  166  00001148  0c000e4c	jal	_dstrtol
  167  0000114c  54000000	nop; not filled.
  168  00001150  00012020	add	r4,r0,r1
  169  00001154  0c000488	jal	_getpid
  170  00001158  54000000	nop; not filled.
  171  0000115c  3c090000	lhi	r9,((LC1_LF0)>>16)&0xffff
  172  00001160  25293038	addui	r9,r9,(LC1_LF0)&0xffff
  173  00001164  afa90000	sw	(r29),r9
  174  00001168  afa10004	sw	4(r29),r1
  175  0000116c  afa40008	sw	8(r29),r4
  176  00001170  0c000460	jal	_Printf
  177  00001174  54000000	nop; not filled.
  178  00001178  20090000	addi	r9,r0,#0
  179  0000117c  afa90000	sw	(r29),r9
  180  00001180  0c00048c	jal	_sem_create
  181  00001184  54000000	nop; not filled.
  182  00001188  00011820	add	r3,r0,r1
  183  0000118c  23bd0010	addi	r29,r29,#16
  184  00001190  6061ffff	seqi	r1,r3,#-1
  185  00001194  10200034	beqz	r1,L15_LF0
  186  00001198  54000000	nop; not filled.
  187  0000119c  0c000440	jal	_getpid
  188  000011a0  54000000	nop; not filled.
  189  000011a4  23bdfff8	addi	r29,r29,#-8
  190  000011a8  3c090000	lhi	r9,((LC2_LF0)>>16)&0xffff
  191  000011ac  2529306c	addui	r9,r9,(LC2_LF0)&0xffff
  192  000011b0  afa90000	sw	(r29),r9
  193  000011b4  afa10004	sw	4(r29),r1
  194  000011b8  0c000418	jal	_Printf
  195  000011bc  54000000	nop; not filled.
  196  000011c0  0c000518	jal	_Exit
  197  000011c4  54000000	nop; not filled.
  198  000011c8  23bd0008	addi	r29,r29,#8
  199  000011cc          	L15_LF0:
  200  000011cc  23bdfff8	addi	r29,r29,#-8
  201  000011d0  afa30000	sw	(r29),r3
  202  000011d4  23c5ffe8	addi	r5,r30,#-24
  203  000011d8  afa50004	sw	4(r29),r5
  204  000011dc  0c000c2c	jal	_ditoa
  205  000011e0  54000000	nop; not filled.
  206  000011e4  3c090000	lhi	r9,((LC3_LF0)>>16)&0xffff
  207  000011e8  2529308c	addui	r9,r9,(LC3_LF0)&0xffff
  208  000011ec  afa90000	sw	(r29),r9
  209  000011f0  0c0003e0	jal	_Printf
  210  000011f4  54000000	nop; not filled.
  211  000011f8  0c0003e4	jal	_getpid
  212  000011fc  54000000	nop; not filled.
  213  00001200  23bdfff8	addi	r29,r29,#-8
  214  00001204  3c090000	lhi	r9,((LC4_LF0)>>16)&0xffff
  215  00001208  252930e4	addui	r9,r9,(LC4_LF0)&0xffff
  216  0000120c  afa90000	sw	(r29),r9
  217  00001210  afa10004	sw	4(r29),r1
  218  00001214  afa40008	sw	8(r29),r4
  219  00001218  0c0003b8	jal	_Printf
  220  0000121c  54000000	nop; not filled.
  221  00001220  20020000	addi	r2,r0,#0
  222  00001224  23bd0010	addi	r29,r29,#16
  223  00001228  0044082a	slt	r1,r2,r4
  224  0000122c  102000a8	beqz	r1,L17_LF0
  225  00001230  54000000	nop; not filled.
  226  00001234          	L19_LF0:
  227  00001234  0c0003a8	jal	_getpid
  228  00001238  54000000	nop; not filled.
  229  0000123c  23bdfff0	addi	r29,r29,#-16
  230  00001240  3c090000	lhi	r9,((LC5_LF0)>>16)&0xffff
  231  00001244  25293140	addui	r9,r9,(LC5_LF0)&0xffff
  232  00001248  afa90000	sw	(r29),r9
  233  0000124c  afa10004	sw	4(r29),r1
  234  00001250  afa20008	sw	8(r29),r2
  235  00001254  0c00037c	jal	_Printf
  236  00001258  54000000	nop; not filled.
  237  0000125c  3c090000	lhi	r9,((LC6_LF0)>>16)&0xffff
  238  00001260  2529316c	addui	r9,r9,(LC6_LF0)&0xffff
  239  00001264  afa90000	sw	(r29),r9
  240  00001268  afa50004	sw	4(r29),r5
  241  0000126c  20090000	addi	r9,r0,#0
  242  00001270  afa90008	sw	8(r29),r9
  243  00001274  0c000374	jal	_process_create
  244  00001278  54000000	nop; not filled.
  245  0000127c  afa30000	sw	(r29),r3
  246  00001280  0c000398	jal	_sem_wait
  247  00001284  54000000	nop; not filled.
  248  00001288  23bd0010	addi	r29,r29,#16
  249  0000128c  64210001	snei	r1,r1,#1
  250  00001290  10200034	beqz	r1,L18_LF0
  251  00001294  54000000	nop; not filled.
  252  00001298  23bdfff0	addi	r29,r29,#-16
  253  0000129c  3c090000	lhi	r9,((LC7_LF0)>>16)&0xffff
  254  000012a0  2529317c	addui	r9,r9,(LC7_LF0)&0xffff
  255  000012a4  afa90000	sw	(r29),r9
  256  000012a8  afa30004	sw	4(r29),r3
  257  000012ac  8cc90000	lw	r9,(r6)
  258  000012b0  afa90008	sw	8(r29),r9
  259  000012b4  0c00031c	jal	_Printf
  260  000012b8  54000000	nop; not filled.
  261  000012bc  0c00041c	jal	_Exit
  262  000012c0  54000000	nop; not filled.
  263  000012c4  23bd0010	addi	r29,r29,#16
  264  000012c8          	L18_LF0:
  265  000012c8  20420001	addi	r2,r2,#1
  266  000012cc  0044082a	slt	r1,r2,r4
  267  000012d0  1420ff60	bnez	r1,L19_LF0
  268  000012d4  54000000	nop; not filled.
  269  000012d8          	L17_LF0:
  270  000012d8  23bdfff8	addi	r29,r29,#-8
  271  000012dc  3c080000	lhi	r8,((LC3_LF0)>>16)&0xffff
  272  000012e0  2508308c	addui	r8,r8,(LC3_LF0)&0xffff
  273  000012e4  afa80000	sw	(r29),r8
  274  000012e8  0c0002e8	jal	_Printf
  275  000012ec  54000000	nop; not filled.
  276  000012f0  0c0002ec	jal	_getpid
  277  000012f4  54000000	nop; not filled.
  278  000012f8  23bdfff8	addi	r29,r29,#-8
  279  000012fc  3c090000	lhi	r9,((LC8_LF0)>>16)&0xffff
  280  00001300  252931a8	addui	r9,r9,(LC8_LF0)&0xffff
  281  00001304  afa90000	sw	(r29),r9
  282  00001308  afa10004	sw	4(r29),r1
  283  0000130c  afa40008	sw	8(r29),r4
  284  00001310  0c0002c0	jal	_Printf
  285  00001314  54000000	nop; not filled.
  286  00001318  0c0002c4	jal	_getpid
  287  0000131c  54000000	nop; not filled.
  288  00001320  3c070000	lhi	r7,((LC9_LF0)>>16)&0xffff
  289  00001324  24e731ec	addui	r7,r7,(LC9_LF0)&0xffff
  290  00001328  afa70000	sw	(r29),r7
  291  0000132c  afa10004	sw	4(r29),r1
  292  00001330  afa20008	sw	8(r29),r2
  293  00001334  0c00029c	jal	_Printf
  294  00001338  54000000	nop; not filled.
  295  0000133c  3c090000	lhi	r9,((LC10_LF0)>>16)&0xffff
  296  00001340  25293214	addui	r9,r9,(LC10_LF0)&0xffff
  297  00001344  afa90000	sw	(r29),r9
  298  00001348  23c5ffe8	addi	r5,r30,#-24
  299  0000134c  afa50004	sw	4(r29),r5
  300  00001350  20090000	addi	r9,r0,#0
  301  00001354  afa90008	sw	8(r29),r9
  302  00001358  0c000290	jal	_process_create
  303  0000135c  54000000	nop; not filled.
  304  00001360  afa30000	sw	(r29),r3
  305  00001364  0c0002b4	jal	_sem_wait
  306  00001368  54000000	nop; not filled.
  307  0000136c  23bd0010	addi	r29,r29,#16
  308  00001370  64210001	snei	r1,r1,#1
  309  00001374  10200034	beqz	r1,L22_LF0
  310  00001378  54000000	nop; not filled.
  311  0000137c  23bdfff0	addi	r29,r29,#-16
  312  00001380  3c090000	lhi	r9,((LC7_LF0)>>16)&0xffff
  313  00001384  2529317c	addui	r9,r9,(LC7_LF0)&0xffff
  314  00001388  afa90000	sw	(r29),r9
  315  0000138c  afa30004	sw	4(r29),r3
  316  00001390  8cc90000	lw	r9,(r6)
  317  00001394  afa90008	sw	8(r29),r9
  318  00001398  0c000238	jal	_Printf
  319  0000139c  54000000	nop; not filled.
  320  000013a0  0c000338	jal	_Exit
  321  000013a4  54000000	nop; not filled.
  322  000013a8  23bd0010	addi	r29,r29,#16
  323  000013ac          	L22_LF0:
  324  000013ac  23bdfff8	addi	r29,r29,#-8
  325  000013b0  afa80000	sw	(r29),r8
  326  000013b4  0c00021c	jal	_Printf
  327  000013b8  54000000	nop; not filled.
  328  000013bc  0c000220	jal	_getpid
  329  000013c0  54000000	nop; not filled.
  330  000013c4  23bdfff8	addi	r29,r29,#-8
  331  000013c8  3c090000	lhi	r9,((LC11_LF0)>>16)&0xffff
  332  000013cc  25293224	addui	r9,r9,(LC11_LF0)&0xffff
  333  000013d0  afa90000	sw	(r29),r9
  334  000013d4  afa10004	sw	4(r29),r1
  335  000013d8  afa40008	sw	8(r29),r4
  336  000013dc  0c0001f4	jal	_Printf
  337  000013e0  54000000	nop; not filled.
  338  000013e4  0c0001f8	jal	_getpid
  339  000013e8  54000000	nop; not filled.
  340  000013ec  afa70000	sw	(r29),r7
  341  000013f0  afa10004	sw	4(r29),r1
  342  000013f4  afa20008	sw	8(r29),r2
  343  000013f8  0c0001d8	jal	_Printf
  344  000013fc  54000000	nop; not filled.
  345  00001400  3c090000	lhi	r9,((LC12_LF0)>>16)&0xffff
  346  00001404  25293278	addui	r9,r9,(LC12_LF0)&0xffff
  347  00001408  afa90000	sw	(r29),r9
  348  0000140c  afa50004	sw	4(r29),r5
  349  00001410  20090000	addi	r9,r0,#0
  350  00001414  afa90008	sw	8(r29),r9
  351  00001418  0c0001d0	jal	_process_create
  352  0000141c  54000000	nop; not filled.
  353  00001420  afa30000	sw	(r29),r3
  354  00001424  0c0001f4	jal	_sem_wait
  355  00001428  54000000	nop; not filled.
  356  0000142c  23bd0010	addi	r29,r29,#16
  357  00001430  64210001	snei	r1,r1,#1
  358  00001434  10200034	beqz	r1,L23_LF0
  359  00001438  54000000	nop; not filled.
  360  0000143c  23bdfff0	addi	r29,r29,#-16
  361  00001440  3c090000	lhi	r9,((LC7_LF0)>>16)&0xffff
  362  00001444  2529317c	addui	r9,r9,(LC7_LF0)&0xffff
  363  00001448  afa90000	sw	(r29),r9
  364  0000144c  afa30004	sw	4(r29),r3
  365  00001450  8cc90000	lw	r9,(r6)
  366  00001454  afa90008	sw	8(r29),r9
  367  00001458  0c000178	jal	_Printf
  368  0000145c  54000000	nop; not filled.
  369  00001460  0c000278	jal	_Exit
  370  00001464  54000000	nop; not filled.
  371  00001468  23bd0010	addi	r29,r29,#16
  372  0000146c          	L23_LF0:
  373  0000146c  0c000170	jal	_getpid
  374  00001470  54000000	nop; not filled.
  375  00001474  23bdfff0	addi	r29,r29,#-16
  376  00001478  3c090000	lhi	r9,((LC13_LF0)>>16)&0xffff
  377  0000147c  25293288	addui	r9,r9,(LC13_LF0)&0xffff
  378  00001480  afa90000	sw	(r29),r9
  379  00001484  afa10004	sw	4(r29),r1
  380  00001488  20090064	addi	r9,r0,#100
  381  0000148c  afa90008	sw	8(r29),r9
  382  00001490  0c000140	jal	_Printf
  383  00001494  54000000	nop; not filled.
  384  00001498  20020000	addi	r2,r0,#0
  385  0000149c  23bd0010	addi	r29,r29,#16
  386  000014a0  00052020	add	r4,r0,r5
  387  000014a4          	L27_LF0:
  388  000014a4  0c000138	jal	_getpid
  389  000014a8  54000000	nop; not filled.
  390  000014ac  23bdfff0	addi	r29,r29,#-16
  391  000014b0  3c090000	lhi	r9,((LC5_LF0)>>16)&0xffff
  392  000014b4  25293140	addui	r9,r9,(LC5_LF0)&0xffff
  393  000014b8  afa90000	sw	(r29),r9
  394  000014bc  afa10004	sw	4(r29),r1
  395  000014c0  afa20008	sw	8(r29),r2
  396  000014c4  0c00010c	jal	_Printf
  397  000014c8  54000000	nop; not filled.
  398  000014cc  3c090000	lhi	r9,((LC6_LF0)>>16)&0xffff
  399  000014d0  2529316c	addui	r9,r9,(LC6_LF0)&0xffff
  400  000014d4  afa90000	sw	(r29),r9
  401  000014d8  afa40004	sw	4(r29),r4
  402  000014dc  20090000	addi	r9,r0,#0
  403  000014e0  afa90008	sw	8(r29),r9
  404  000014e4  0c000104	jal	_process_create
  405  000014e8  54000000	nop; not filled.
  406  000014ec  afa30000	sw	(r29),r3
  407  000014f0  0c000128	jal	_sem_wait
  408  000014f4  54000000	nop; not filled.
  409  000014f8  23bd0010	addi	r29,r29,#16
  410  000014fc  64210001	snei	r1,r1,#1
  411  00001500  10200034	beqz	r1,L26_LF0
  412  00001504  54000000	nop; not filled.
  413  00001508  23bdfff0	addi	r29,r29,#-16
  414  0000150c  3c090000	lhi	r9,((LC7_LF0)>>16)&0xffff
  415  00001510  2529317c	addui	r9,r9,(LC7_LF0)&0xffff
  416  00001514  afa90000	sw	(r29),r9
  417  00001518  afa30004	sw	4(r29),r3
  418  0000151c  8cc90000	lw	r9,(r6)
  419  00001520  afa90008	sw	8(r29),r9
  420  00001524  0c0000ac	jal	_Printf
  421  00001528  54000000	nop; not filled.
  422  0000152c  0c0001ac	jal	_Exit
  423  00001530  54000000	nop; not filled.
  424  00001534  23bd0010	addi	r29,r29,#16
  425  00001538          	L26_LF0:
  426  00001538  20420001	addi	r2,r2,#1
  427  0000153c  70410063	slei	r1,r2,#99
  428  00001540  1420ff60	bnez	r1,L27_LF0
  429  00001544  54000000	nop; not filled.
  430  00001548  23bdfff8	addi	r29,r29,#-8
  431  0000154c  3c090000	lhi	r9,((LC3_LF0)>>16)&0xffff
  432  00001550  2529308c	addui	r9,r9,(LC3_LF0)&0xffff
  433  00001554  afa90000	sw	(r29),r9
  434  00001558  0c000078	jal	_Printf
  435  0000155c  54000000	nop; not filled.
  436  00001560  0c00007c	jal	_getpid
  437  00001564  54000000	nop; not filled.
  438  00001568  3c090000	lhi	r9,((LC14_LF0)>>16)&0xffff
  439  0000156c  252932e4	addui	r9,r9,(LC14_LF0)&0xffff
  440  00001570  afa90000	sw	(r29),r9
  441  00001574  afa10004	sw	4(r29),r1
  442  00001578  0c000058	jal	_Printf
  443  0000157c  54000000	nop; not filled.
  444  00001580  23bd0008	addi	r29,r29,#8
  445  00001584  0c000f00	jal	_exit
  446  00001588  54000000	nop
  447  0000158c          	.endproc _main
  448                      ;;;
  449                      ;;; Stub functions for DLX traps.
  450                      ;;;
  451                      ;;; Ethan L. Miller, 1999.  Released to the public domain.
  452                      ;;;
  453                      ;;; The traps such as Open and Close
  454                      ;;; (note the capital letters) are for use by user programs.  The traps
  455                      ;;; with names such as open and close (lower case) are for use by the OS.
  456                      ;;;
  459  0000158c          	.align 2
  461                      ;;; The following are the traps to be used by user-level programs
  462                      ;;;
  464  0000158c          	.align 2
  465  0000158c          	.proc _Open
  466  0000158c          	.global _Open
  467  0000158c          	_Open:
  468                      ;;; Note that trap #0x213 actually causes a trap vector in the OS of
  469                      ;;; 0x1213.  The same is true for other user traps.  Thus, a user trap
  470                      ;;; with trap #0x240 will result in a trap vector of 0x1240 in the OS.
  471  0000158c  44000213	trap	#0x213
  472  00001590  4be00000	jr	r31
  473  00001594  54000000	nop
  474  00001598          	.endproc _Open
  476  00001598          	.proc _Close
  477  00001598          	.global _Close
  478  00001598          	_Close:
  479  00001598  44000214	trap	#0x214
  480  0000159c  4be00000	jr	r31
  481  000015a0  54000000	nop
  482  000015a4          	.endproc _Close
  484  000015a4          	.proc _Read
  485  000015a4          	.global _Read
  486  000015a4          	_Read:
  487  000015a4  44000210	trap	#0x210
  488  000015a8  4be00000	jr	r31
  489  000015ac  54000000	nop
  490  000015b0          	.endproc _Read
  492  000015b0          	.proc _Write
  493  000015b0          	.global _Write
  494  000015b0          	_Write:
  495  000015b0  44000211	trap	#0x211
  496  000015b4  4be00000	jr	r31
  497  000015b8  54000000	nop
  498  000015bc          	.endproc _Write
  500  000015bc          	.proc _Lseek
  501  000015bc          	.global _Lseek
  502  000015bc          	_Lseek:
  503  000015bc  44000212	trap	#0x212
  504  000015c0  4be00000	jr	r31
  505  000015c4  54000000	nop
  506  000015c8          	.endproc _Lseek
  508  000015c8          	.proc _Putchar
  509  000015c8          	.global _Putchar
  510  000015c8          	_Putchar:
  511  000015c8  44000280	trap	#0x280
  512  000015cc  4be00000	jr	r31
  513  000015d0  54000000	nop
  514  000015d4          	.endproc _Putchar
  516  000015d4          	.proc _Printf
  517  000015d4          	.global _Printf
  518  000015d4          	_Printf:
  519  000015d4  44000201	trap	#0x201
  520  000015d8  4be00000	jr	r31
  521  000015dc  54000000	nop
  522  000015e0          	.endproc _Printf
  524  000015e0          	.proc _getpid
  525  000015e0          	.global _getpid
  526  000015e0          	_getpid:
  527  000015e0  44000431	trap	#0x431
  528  000015e4  4be00000	jr	r31
  529  000015e8  54000000	nop
  530  000015ec          	.endproc _getpid
  532  000015ec          	.proc _process_create
  533  000015ec          	.global _process_create
  534  000015ec          	_process_create:
  535  000015ec  44000432	trap	#0x432
  536  000015f0  4be00000	jr	r31
  537  000015f4  54000000	nop
  538  000015f8          	.endproc _process_create
  540  000015f8          	.proc _shmget
  541  000015f8          	.global _shmget
  542  000015f8          	_shmget:
  543  000015f8  44000440	trap	#0x440
  544  000015fc  4be00000	jr	r31
  545  00001600  54000000	nop
  546  00001604          	.endproc _shmget
  548  00001604          	.proc _shmat
  549  00001604          	.global _shmat
  550  00001604          	_shmat:
  551  00001604  44000441	trap	#0x441
  552  00001608  4be00000	jr	r31
  553  0000160c  54000000	nop
  554  00001610          	.endproc _shmat
  556  00001610          	.proc _sem_create
  557  00001610          	.global _sem_create
  558  00001610          	_sem_create:
  559  00001610  44000450	trap	#0x450
  560  00001614  4be00000	jr	r31
  561  00001618  54000000	nop
  562  0000161c          	.endproc _sem_create
  564  0000161c          	.proc _sem_wait
  565  0000161c          	.global _sem_wait
  566  0000161c          	_sem_wait:
  567  0000161c  44000451	trap	#0x451
  568  00001620  4be00000	jr	r31
  569  00001624  54000000	nop
  570  00001628          	.endproc _sem_wait
  572  00001628          	.proc _sem_signal
  573  00001628          	.global _sem_signal
  574  00001628          	_sem_signal:
  575  00001628  44000452	trap	#0x452
  576  0000162c  4be00000	jr	r31
  577  00001630  54000000	nop
  578  00001634          	.endproc _sem_signal
  580  00001634          	.proc _lock_create
  581  00001634          	.global _lock_create
  582  00001634          	_lock_create:
  583  00001634  44000453	trap	#0x453
  584  00001638  4be00000	jr	r31
  585  0000163c  54000000	nop
  586  00001640          	.endproc _lock_create
  588  00001640          	.proc _lock_acquire
  589  00001640          	.global _lock_acquire
  590  00001640          	_lock_acquire:
  591  00001640  44000454	trap	#0x454
  592  00001644  4be00000	jr	r31
  593  00001648  54000000	nop
  594  0000164c          	.endproc _lock_acquire
  596  0000164c          	.proc _lock_release
  597  0000164c          	.global _lock_release
  598  0000164c          	_lock_release:
  599  0000164c  44000455	trap	#0x455
  600  00001650  4be00000	jr	r31
  601  00001654  54000000	nop
  602  00001658          	.endproc _lock_release
  604  00001658          	.proc _cond_create
  605  00001658          	.global _cond_create
  606  00001658          	_cond_create:
  607  00001658  44000456	trap	#0x456
  608  0000165c  4be00000	jr	r31
  609  00001660  54000000	nop
  610  00001664          	.endproc _cond_create
  612  00001664          	.proc _cond_wait
  613  00001664          	.global _cond_wait
  614  00001664          	_cond_wait:
  615  00001664  44000457	trap	#0x457
  616  00001668  4be00000	jr	r31
  617  0000166c  54000000	nop
  618  00001670          	.endproc _cond_wait
  620  00001670          	.proc _cond_signal
  621  00001670          	.global _cond_signal
  622  00001670          	_cond_signal:
  623  00001670  44000458	trap	#0x458
  624  00001674  4be00000	jr	r31
  625  00001678  54000000	nop
  626  0000167c          	.endproc _cond_signal
  628  0000167c          	.proc _cond_broadcast
  629  0000167c          	.global _cond_broadcast
  630  0000167c          	_cond_broadcast:
  631  0000167c  44000459	trap	#0x459
  632  00001680  4be00000	jr	r31
  633  00001684  54000000	nop
  634  00001688          	.endproc _cond_broadcast
  636  00001688          	.proc _mbox_create
  637  00001688          	.global _mbox_create
  638  00001688          	_mbox_create:
  639  00001688  44000460	trap	#0x460
  640  0000168c  4be00000	jr	r31
  641  00001690  54000000	nop
  642  00001694          	.endproc _mbox_create
  644  00001694          	.proc _mbox_open
  645  00001694          	.global _mbox_open
  646  00001694          	_mbox_open:
  647  00001694  44000461	trap	#0x461
  648  00001698  4be00000	jr	r31
  649  0000169c  54000000	nop
  650  000016a0          	.endproc _mbox_open
  652  000016a0          	.proc _mbox_close
  653  000016a0          	.global _mbox_close
  654  000016a0          	_mbox_close:
  655  000016a0  44000462	trap	#0x462
  656  000016a4  4be00000	jr	r31
  657  000016a8  54000000	nop
  658  000016ac          	.endproc _mbox_close
  660  000016ac          	.proc _mbox_send
  661  000016ac          	.global _mbox_send
  662  000016ac          	_mbox_send:
  663  000016ac  44000463	trap	#0x463
  664  000016b0  4be00000	jr	r31
  665  000016b4  54000000	nop
  666  000016b8          	.endproc _mbox_send
  668  000016b8          	.proc _mbox_recv
  669  000016b8          	.global _mbox_recv
  670  000016b8          	_mbox_recv:
  671  000016b8  44000464	trap	#0x464
  672  000016bc  4be00000	jr	r31
  673  000016c0  54000000	nop
  674  000016c4          	.endproc _mbox_recv
  676  000016c4          	.proc _sleep
  677  000016c4          	.global _sleep
  678  000016c4          	_sleep:
  679  000016c4  44000465	trap	#0x465
  680  000016c8  4be00000	jr	r31
  681  000016cc  54000000	nop
  682  000016d0          	.endproc _sleep
  684  000016d0          	.proc _yield
  685  000016d0          	.global _yield
  686  000016d0          	_yield:
  687  000016d0  44000466	trap	#0x466
  688  000016d4  4be00000	jr	r31
  689  000016d8  54000000	nop
  690  000016dc          	.endproc _yield
  693  000016dc          	.proc _Exit
  694  000016dc          	.global _Exit
  695  000016dc          	_Exit:
  696  000016dc  44000500	trap	#0x500
  697  000016e0  4be00000	jr	r31
  698  000016e4  54000000	nop
  699  000016e8          	.endproc _Exit
  702  000016e8          	.proc _malloc
  703  000016e8          	.global _malloc
  704  000016e8          	_malloc:
  705  000016e8  44000467	trap	#0x467
  706  000016ec  4be00000	jr	r31
  707  000016f0          	.endproc _malloc
  710  000016f0          	.proc _mfree
  711  000016f0          	.global _mfree
  712  000016f0          	_mfree:
  713  000016f0  44000468	trap	#0x468
  714  000016f4  4be00000	jr	r31
  715  000016f8          	.endproc _mfree
  716                      ; Compiled by GCC
  718  000016f8          	.align 2
  719  000016f8          	.proc _isspace
  720  000016f8          	.global _isspace
  721  000016f8          	_isspace:
  722                      ;  Function 'isspace'; 0 bytes of locals, 3 regs to save.
  723  000016f8  afbefffc	sw	-4(r29),r30; push fp
  724  000016fc  001df020	add	r30,r0,r29; fp = sp
  725  00001700  afbffff8	sw	-8(r29),r31; push ret addr
  726  00001704  2fbd0018	subui	r29,r29,#24; alloc local storage
  727  00001708  afa20000	sw	0(r29),r2
  728  0000170c  afa30004	sw	4(r29),r3
  729  00001710  afa40008	sw	8(r29),r4
  730  00001714  83c20003	lb	r2,3(r30)
  731  00001718  20010000	addi	r1,r0,#0
  732  0000171c  304300ff	andi	r3,r2,#0x00ff
  733  00001720  60640020	seqi	r4,r3,#32
  734  00001724  1480002c	bnez	r4,L3_LF2
  735  00001728  54000000	nop; delay slot nop
  736  0000172c  304300ff	andi	r3,r2,#0x00ff
  737  00001730  60640009	seqi	r4,r3,#9
  738  00001734  1480001c	bnez	r4,L3_LF2
  739  00001738  54000000	nop; delay slot nop
  740  0000173c  304300ff	andi	r3,r2,#0x00ff
  741  00001740  6064000a	seqi	r4,r3,#10
  742  00001744  1480000c	bnez	r4,L3_LF2
  743  00001748  54000000	nop; delay slot nop
  744  0000174c  08000008	j	L2_LF2
  745  00001750  54000000	nop; delay slot nop
  746  00001754          	L3_LF2:
  747  00001754  20010001	addi	r1,r0,#1
  748  00001758          	L2_LF2:
  749  00001758  08000004	j	L1_LF2
  750  0000175c  54000000	nop; delay slot nop
  751  00001760          	L1_LF2:
  752  00001760  8fa20000	lw	r2,0(r29)
  753  00001764  8fa30004	lw	r3,4(r29)
  754  00001768  8fa40008	lw	r4,8(r29)
  755  0000176c  8fdffff8	lw	r31,-8(r30)
  756  00001770  001ee820	add	r29,r0,r30
  757  00001774  8fdefffc	lw	r30,-4(r30)
  758  00001778  4be00000	jr	r31
  759  0000177c  54000000	nop
  760  00001780          	.endproc _isspace
  761  00001780          	.align 2
  762  00001780          	.proc _isxdigit
  763  00001780          	.global _isxdigit
  764  00001780          	_isxdigit:
  765                      ;  Function 'isxdigit'; 0 bytes of locals, 3 regs to save.
  766  00001780  afbefffc	sw	-4(r29),r30; push fp
  767  00001784  001df020	add	r30,r0,r29; fp = sp
  768  00001788  afbffff8	sw	-8(r29),r31; push ret addr
  769  0000178c  2fbd0018	subui	r29,r29,#24; alloc local storage
  770  00001790  afa20000	sw	0(r29),r2
  771  00001794  afa30004	sw	4(r29),r3
  772  00001798  afa40008	sw	8(r29),r4
  773  0000179c  83c20003	lb	r2,3(r30)
  774  000017a0  20010000	addi	r1,r0,#0
  775  000017a4  304300ff	andi	r3,r2,#0x00ff
  776  000017a8  6c64002f	sgtui	r4,r3,#47
  777  000017ac  1080001c	beqz	r4,L7_LF2
  778  000017b0  54000000	nop; delay slot nop
  779  000017b4  304300ff	andi	r3,r2,#0x00ff
  780  000017b8  70640039	sleui	r4,r3,#57
  781  000017bc  1480005c	bnez	r4,L6_LF2
  782  000017c0  54000000	nop; delay slot nop
  783  000017c4  08000004	j	L7_LF2
  784  000017c8  54000000	nop; delay slot nop
  785  000017cc          	L7_LF2:
  786  000017cc  304300ff	andi	r3,r2,#0x00ff
  787  000017d0  6c640060	sgtui	r4,r3,#96
  788  000017d4  1080001c	beqz	r4,L8_LF2
  789  000017d8  54000000	nop; delay slot nop
  790  000017dc  304300ff	andi	r3,r2,#0x00ff
  791  000017e0  70640066	sleui	r4,r3,#102
  792  000017e4  14800034	bnez	r4,L6_LF2
  793  000017e8  54000000	nop; delay slot nop
  794  000017ec  08000004	j	L8_LF2
  795  000017f0  54000000	nop; delay slot nop
  796  000017f4          	L8_LF2:
  797  000017f4  304300ff	andi	r3,r2,#0x00ff
  798  000017f8  6c640040	sgtui	r4,r3,#64
  799  000017fc  10800020	beqz	r4,L5_LF2
  800  00001800  54000000	nop; delay slot nop
  801  00001804  304300ff	andi	r3,r2,#0x00ff
  802  00001808  70640041	sleui	r4,r3,#65
  803  0000180c  1480000c	bnez	r4,L6_LF2
  804  00001810  54000000	nop; delay slot nop
  805  00001814  08000008	j	L5_LF2
  806  00001818  54000000	nop; delay slot nop
  807  0000181c          	L6_LF2:
  808  0000181c  20010001	addi	r1,r0,#1
  809  00001820          	L5_LF2:
  810  00001820  08000004	j	L4_LF2
  811  00001824  54000000	nop; delay slot nop
  812  00001828          	L4_LF2:
  813  00001828  8fa20000	lw	r2,0(r29)
  814  0000182c  8fa30004	lw	r3,4(r29)
  815  00001830  8fa40008	lw	r4,8(r29)
  816  00001834  8fdffff8	lw	r31,-8(r30)
  817  00001838  001ee820	add	r29,r0,r30
  818  0000183c  8fdefffc	lw	r30,-4(r30)
  819  00001840  4be00000	jr	r31
  820  00001844  54000000	nop
  821  00001848          	.endproc _isxdigit
  822  00001848          	.align 2
  823  00001848          	.proc _dstrcpy
  824  00001848          	.global _dstrcpy
  825  00001848          	_dstrcpy:
  826                      ;  Function 'dstrcpy'; 8 bytes of locals, 2 regs to save.
  827  00001848  afbefffc	sw	-4(r29),r30; push fp
  828  0000184c  001df020	add	r30,r0,r29; fp = sp
  829  00001850  afbffff8	sw	-8(r29),r31; push ret addr
  830  00001854  2fbd0018	subui	r29,r29,#24; alloc local storage
  831  00001858  afa20000	sw	0(r29),r2
  832  0000185c  afa30004	sw	4(r29),r3
  833  00001860  8fc10000	lw	r1,(r30)
  834  00001864  afc1fff4	sw	-12(r30),r1
  835  00001868          	L10_LF2:
  836  00001868  8fc10000	lw	r1,(r30)
  837  0000186c  20220001	addi	r2,r1,#1
  838  00001870  afc20000	sw	(r30),r2
  839  00001874  8fc20004	lw	r2,4(r30)
  840  00001878  20430001	addi	r3,r2,#1
  841  0000187c  afc30004	sw	4(r30),r3
  842  00001880  80420000	lb	r2,(r2)
  843  00001884  a0220000	sb	(r1),r2
  844  00001888  a3c2fff3	sb	-13(r30),r2
  845  0000188c          	L12_LF2:
  846  0000188c  93c1fff3	lbu	r1,-13(r30)
  847  00001890  64220000	snei	r2,r1,#0
  848  00001894  1440000c	bnez	r2,L13_LF2
  849  00001898  54000000	nop; delay slot nop
  850  0000189c  0800000c	j	L11_LF2
  851  000018a0  54000000	nop; delay slot nop
  852  000018a4          	L13_LF2:
  853  000018a4  0bffffc0	j	L10_LF2
  854  000018a8  54000000	nop; delay slot nop
  855  000018ac          	L11_LF2:
  856  000018ac  8fc1fff4	lw	r1,-12(r30)
  857  000018b0  08000004	j	L9_LF2
  858  000018b4  54000000	nop; delay slot nop
  859  000018b8          	L9_LF2:
  860  000018b8  8fa20000	lw	r2,0(r29)
  861  000018bc  8fa30004	lw	r3,4(r29)
  862  000018c0  8fdffff8	lw	r31,-8(r30)
  863  000018c4  001ee820	add	r29,r0,r30
  864  000018c8  8fdefffc	lw	r30,-4(r30)
  865  000018cc  4be00000	jr	r31
  866  000018d0  54000000	nop
  867  000018d4          	.endproc _dstrcpy
  868  000018d4          	.align 2
  869  000018d4          	.proc _dstrncpy
  870  000018d4          	.global _dstrncpy
  871  000018d4          	_dstrncpy:
  872                      ;  Function 'dstrncpy'; 8 bytes of locals, 2 regs to save.
  873  000018d4  afbefffc	sw	-4(r29),r30; push fp
  874  000018d8  001df020	add	r30,r0,r29; fp = sp
  875  000018dc  afbffff8	sw	-8(r29),r31; push ret addr
  876  000018e0  2fbd0018	subui	r29,r29,#24; alloc local storage
  877  000018e4  afa20000	sw	0(r29),r2
  878  000018e8  afa30004	sw	4(r29),r3
  879  000018ec  8fc10000	lw	r1,(r30)
  880  000018f0  afc1fff4	sw	-12(r30),r1
  881  000018f4          	L15_LF2:
  882  000018f4  8fc10008	lw	r1,8(r30)
  883  000018f8  2022ffff	addi	r2,r1,#-1
  884  000018fc  afc20008	sw	8(r30),r2
  885  00001900  70210000	slei	r1,r1,#0
  886  00001904  1020000c	beqz	r1,L18_LF2
  887  00001908  54000000	nop; delay slot nop
  888  0000190c  08000048	j	L16_LF2
  889  00001910  54000000	nop; delay slot nop
  890  00001914          	L18_LF2:
  891  00001914  8fc10000	lw	r1,(r30)
  892  00001918  20220001	addi	r2,r1,#1
  893  0000191c  afc20000	sw	(r30),r2
  894  00001920  8fc20004	lw	r2,4(r30)
  895  00001924  20430001	addi	r3,r2,#1
  896  00001928  afc30004	sw	4(r30),r3
  897  0000192c  80420000	lb	r2,(r2)
  898  00001930  a0220000	sb	(r1),r2
  899  00001934  a3c2fff3	sb	-13(r30),r2
  900  00001938          	L17_LF2:
  901  00001938  93c1fff3	lbu	r1,-13(r30)
  902  0000193c  64220000	snei	r2,r1,#0
  903  00001940  1440000c	bnez	r2,L19_LF2
  904  00001944  54000000	nop; delay slot nop
  905  00001948  0800000c	j	L16_LF2
  906  0000194c  54000000	nop; delay slot nop
  907  00001950          	L19_LF2:
  908  00001950  0bffffa0	j	L15_LF2
  909  00001954  54000000	nop; delay slot nop
  910  00001958          	L16_LF2:
  911  00001958  8fc1fff4	lw	r1,-12(r30)
  912  0000195c  08000004	j	L14_LF2
  913  00001960  54000000	nop; delay slot nop
  914  00001964          	L14_LF2:
  915  00001964  8fa20000	lw	r2,0(r29)
  916  00001968  8fa30004	lw	r3,4(r29)
  917  0000196c  8fdffff8	lw	r31,-8(r30)
  918  00001970  001ee820	add	r29,r0,r30
  919  00001974  8fdefffc	lw	r30,-4(r30)
  920  00001978  4be00000	jr	r31
  921  0000197c  54000000	nop
  922  00001980          	.endproc _dstrncpy
  923  00001980          	.align 2
  924  00001980          	.proc _dstrcat
  925  00001980          	.global _dstrcat
  926  00001980          	_dstrcat:
  927                      ;  Function 'dstrcat'; 8 bytes of locals, 1 regs to save.
  928  00001980  afbefffc	sw	-4(r29),r30; push fp
  929  00001984  001df020	add	r30,r0,r29; fp = sp
  930  00001988  afbffff8	sw	-8(r29),r31; push ret addr
  931  0000198c  2fbd0018	subui	r29,r29,#24; alloc local storage
  932  00001990  afa20000	sw	0(r29),r2
  933  00001994  8fc10000	lw	r1,(r30)
  934  00001998  afc1fff4	sw	-12(r30),r1
  935  0000199c          	L21_LF2:
  936  0000199c  8fc10000	lw	r1,(r30)
  937  000019a0  90220000	lbu	r2,(r1)
  938  000019a4  64410000	snei	r1,r2,#0
  939  000019a8  1420000c	bnez	r1,L23_LF2
  940  000019ac  54000000	nop; delay slot nop
  941  000019b0  0800001c	j	L22_LF2
  942  000019b4  54000000	nop; delay slot nop
  943  000019b8          	L23_LF2:
  944  000019b8  8fc20000	lw	r2,(r30)
  945  000019bc  20410001	addi	r1,r2,#1
  946  000019c0  00011020	add	r2,r0,r1
  947  000019c4  afc20000	sw	(r30),r2
  948  000019c8  0bffffd0	j	L21_LF2
  949  000019cc  54000000	nop; delay slot nop
  950  000019d0          	L22_LF2:
  951  000019d0  23bdfff8	addi	r29,r29,#-8
  952  000019d4  001d0820	add	r1,r0,r29
  953  000019d8  8fc20000	lw	r2,(r30)
  954  000019dc  ac220000	sw	(r1),r2
  955  000019e0  8fc20004	lw	r2,4(r30)
  956  000019e4  ac220004	sw	4(r1),r2
  957  000019e8  0ffffe5c	jal	_dstrcpy
  958  000019ec  54000000	nop; delay slot nop
  959  000019f0  23bd0008	addi	r29,r29,#8
  960  000019f4  8fc1fff4	lw	r1,-12(r30)
  961  000019f8  08000004	j	L20_LF2
  962  000019fc  54000000	nop; delay slot nop
  963  00001a00          	L20_LF2:
  964  00001a00  8fa20000	lw	r2,0(r29)
  965  00001a04  8fdffff8	lw	r31,-8(r30)
  966  00001a08  001ee820	add	r29,r0,r30
  967  00001a0c  8fdefffc	lw	r30,-4(r30)
  968  00001a10  4be00000	jr	r31
  969  00001a14  54000000	nop
  970  00001a18          	.endproc _dstrcat
  971  00001a18          	.align 2
  972  00001a18          	.proc _dstrncmp
  973  00001a18          	.global _dstrncmp
  974  00001a18          	_dstrncmp:
  975                      ;  Function 'dstrncmp'; 8 bytes of locals, 2 regs to save.
  976  00001a18  afbefffc	sw	-4(r29),r30; push fp
  977  00001a1c  001df020	add	r30,r0,r29; fp = sp
  978  00001a20  afbffff8	sw	-8(r29),r31; push ret addr
  979  00001a24  2fbd0018	subui	r29,r29,#24; alloc local storage
  980  00001a28  afa20000	sw	0(r29),r2
  981  00001a2c  afa30004	sw	4(r29),r3
  982  00001a30  54000000	nop
  983  00001a34  20010000	addi	r1,r0,#0
  984  00001a38  afc1fff4	sw	-12(r30),r1
  985  00001a3c          	L25_LF2:
  986  00001a3c  8fc1fff4	lw	r1,-12(r30)
  987  00001a40  8fc20008	lw	r2,8(r30)
  988  00001a44  0022082a	slt	r1,r1,r2
  989  00001a48  1420000c	bnez	r1,L28_LF2
  990  00001a4c  54000000	nop; delay slot nop
  991  00001a50  08000088	j	L26_LF2
  992  00001a54  54000000	nop; delay slot nop
  993  00001a58          	L28_LF2:
  994  00001a58  8fc10004	lw	r1,4(r30)
  995  00001a5c  90220000	lbu	r2,(r1)
  996  00001a60  64410000	snei	r1,r2,#0
  997  00001a64  14200018	bnez	r1,L29_LF2
  998  00001a68  54000000	nop; delay slot nop
  999  00001a6c  20010000	addi	r1,r0,#0
 1000  00001a70  080000d8	j	L24_LF2
 1001  00001a74  54000000	nop; delay slot nop
 1002  00001a78  08000028	j	L30_LF2
 1003  00001a7c  54000000	nop; delay slot nop
 1004  00001a80          	L29_LF2:
 1005  00001a80  8fc10000	lw	r1,(r30)
 1006  00001a84  8fc20004	lw	r2,4(r30)
 1007  00001a88  90210000	lbu	r1,(r1)
 1008  00001a8c  90420000	lbu	r2,(r2)
 1009  00001a90  00220829	sne	r1,r1,r2
 1010  00001a94  1020000c	beqz	r1,L30_LF2
 1011  00001a98  54000000	nop; delay slot nop
 1012  00001a9c  0800003c	j	L26_LF2
 1013  00001aa0  54000000	nop; delay slot nop
 1014  00001aa4          	L31_LF2:
 1015  00001aa4          	L30_LF2:
 1016  00001aa4  8fc20000	lw	r2,(r30)
 1017  00001aa8  20410001	addi	r1,r2,#1
 1018  00001aac  00011020	add	r2,r0,r1
 1019  00001ab0  afc20000	sw	(r30),r2
 1020  00001ab4  8fc20004	lw	r2,4(r30)
 1021  00001ab8  20410001	addi	r1,r2,#1
 1022  00001abc  00011020	add	r2,r0,r1
 1023  00001ac0  afc20004	sw	4(r30),r2
 1024  00001ac4          	L27_LF2:
 1025  00001ac4  8fc2fff4	lw	r2,-12(r30)
 1026  00001ac8  20410001	addi	r1,r2,#1
 1027  00001acc  00011020	add	r2,r0,r1
 1028  00001ad0  afc2fff4	sw	-12(r30),r2
 1029  00001ad4  0bffff64	j	L25_LF2
 1030  00001ad8  54000000	nop; delay slot nop
 1031  00001adc          	L26_LF2:
 1032  00001adc  8fc1fff4	lw	r1,-12(r30)
 1033  00001ae0  8fc20008	lw	r2,8(r30)
 1034  00001ae4  00220828	seq	r1,r1,r2
 1035  00001ae8  10200018	beqz	r1,L32_LF2
 1036  00001aec  54000000	nop; delay slot nop
 1037  00001af0  20010000	addi	r1,r0,#0
 1038  00001af4  08000054	j	L24_LF2
 1039  00001af8  54000000	nop; delay slot nop
 1040  00001afc  0800004c	j	L33_LF2
 1041  00001b00  54000000	nop; delay slot nop
 1042  00001b04          	L32_LF2:
 1043  00001b04  8fc20000	lw	r2,(r30)
 1044  00001b08  90410000	lbu	r1,(r2)
 1045  00001b0c  8fc20004	lw	r2,4(r30)
 1046  00001b10  90430000	lbu	r3,(r2)
 1047  00001b14  00230822	sub	r1,r1,r3
 1048  00001b18  74220000	sgei	r2,r1,#0
 1049  00001b1c  10400020	beqz	r2,L34_LF2
 1050  00001b20  54000000	nop; delay slot nop
 1051  00001b24  8fc10000	lw	r1,(r30)
 1052  00001b28  8fc20004	lw	r2,4(r30)
 1053  00001b2c  90210000	lbu	r1,(r1)
 1054  00001b30  90420000	lbu	r2,(r2)
 1055  00001b34  00220829	sne	r1,r1,r2
 1056  00001b38  08000008	j	L35_LF2
 1057  00001b3c  54000000	nop; delay slot nop
 1058  00001b40          	L34_LF2:
 1059  00001b40  2001ffff	addi	r1,r0,#-1
 1060  00001b44          	L35_LF2:
 1061  00001b44  08000004	j	L24_LF2
 1062  00001b48  54000000	nop; delay slot nop
 1063  00001b4c          	L33_LF2:
 1064  00001b4c          	L24_LF2:
 1065  00001b4c  8fa20000	lw	r2,0(r29)
 1066  00001b50  8fa30004	lw	r3,4(r29)
 1067  00001b54  8fdffff8	lw	r31,-8(r30)
 1068  00001b58  001ee820	add	r29,r0,r30
 1069  00001b5c  8fdefffc	lw	r30,-4(r30)
 1070  00001b60  4be00000	jr	r31
 1071  00001b64  54000000	nop
 1072  00001b68          	.endproc _dstrncmp
 1073  00001b68          	.align 2
 1074  00001b68          	.proc _dstrlen
 1075  00001b68          	.global _dstrlen
 1076  00001b68          	_dstrlen:
 1077                      ;  Function 'dstrlen'; 8 bytes of locals, 1 regs to save.
 1078  00001b68  afbefffc	sw	-4(r29),r30; push fp
 1079  00001b6c  001df020	add	r30,r0,r29; fp = sp
 1080  00001b70  afbffff8	sw	-8(r29),r31; push ret addr
 1081  00001b74  2fbd0018	subui	r29,r29,#24; alloc local storage
 1082  00001b78  afa20000	sw	0(r29),r2
 1083  00001b7c  20010000	addi	r1,r0,#0
 1084  00001b80  afc1fff4	sw	-12(r30),r1
 1085  00001b84          	L37_LF2:
 1086  00001b84  8fc10000	lw	r1,(r30)
 1087  00001b88  20220001	addi	r2,r1,#1
 1088  00001b8c  afc20000	sw	(r30),r2
 1089  00001b90  90210000	lbu	r1,(r1)
 1090  00001b94  64220000	snei	r2,r1,#0
 1091  00001b98  1440000c	bnez	r2,L39_LF2
 1092  00001b9c  54000000	nop; delay slot nop
 1093  00001ba0  0800001c	j	L38_LF2
 1094  00001ba4  54000000	nop; delay slot nop
 1095  00001ba8          	L39_LF2:
 1096  00001ba8  8fc2fff4	lw	r2,-12(r30)
 1097  00001bac  20410001	addi	r1,r2,#1
 1098  00001bb0  00011020	add	r2,r0,r1
 1099  00001bb4  afc2fff4	sw	-12(r30),r2
 1100  00001bb8  0bffffc8	j	L37_LF2
 1101  00001bbc  54000000	nop; delay slot nop
 1102  00001bc0          	L38_LF2:
 1103  00001bc0  8fc1fff4	lw	r1,-12(r30)
 1104  00001bc4  08000004	j	L36_LF2
 1105  00001bc8  54000000	nop; delay slot nop
 1106  00001bcc          	L36_LF2:
 1107  00001bcc  8fa20000	lw	r2,0(r29)
 1108  00001bd0  8fdffff8	lw	r31,-8(r30)
 1109  00001bd4  001ee820	add	r29,r0,r30
 1110  00001bd8  8fdefffc	lw	r30,-4(r30)
 1111  00001bdc  4be00000	jr	r31
 1112  00001be0  54000000	nop
 1113  00001be4          	.endproc _dstrlen
 1114  00001be4          	.align 2
 1115  00001be4          	.proc _dstrstr
 1116  00001be4          	.global _dstrstr
 1117  00001be4          	_dstrstr:
 1118                      ;  Function 'dstrstr'; 8 bytes of locals, 1 regs to save.
 1119  00001be4  afbefffc	sw	-4(r29),r30; push fp
 1120  00001be8  001df020	add	r30,r0,r29; fp = sp
 1121  00001bec  afbffff8	sw	-8(r29),r31; push ret addr
 1122  00001bf0  2fbd0018	subui	r29,r29,#24; alloc local storage
 1123  00001bf4  afa20000	sw	0(r29),r2
 1124  00001bf8  23bdfff8	addi	r29,r29,#-8
 1125  00001bfc  001d0820	add	r1,r0,r29
 1126  00001c00  8fc20004	lw	r2,4(r30)
 1127  00001c04  ac220000	sw	(r1),r2
 1128  00001c08  0fffff5c	jal	_dstrlen
 1129  00001c0c  54000000	nop; delay slot nop
 1130  00001c10  23bd0008	addi	r29,r29,#8
 1131  00001c14  afc1fff4	sw	-12(r30),r1
 1132  00001c18          	L41_LF2:
 1133  00001c18  8fc10000	lw	r1,(r30)
 1134  00001c1c  90220000	lbu	r2,(r1)
 1135  00001c20  64410000	snei	r1,r2,#0
 1136  00001c24  1420000c	bnez	r1,L43_LF2
 1137  00001c28  54000000	nop; delay slot nop
 1138  00001c2c  08000060	j	L42_LF2
 1139  00001c30  54000000	nop; delay slot nop
 1140  00001c34          	L43_LF2:
 1141  00001c34  23bdfff0	addi	r29,r29,#-16
 1142  00001c38  001d0820	add	r1,r0,r29
 1143  00001c3c  8fc20000	lw	r2,(r30)
 1144  00001c40  ac220000	sw	(r1),r2
 1145  00001c44  8fc20004	lw	r2,4(r30)
 1146  00001c48  ac220004	sw	4(r1),r2
 1147  00001c4c  8fc2fff4	lw	r2,-12(r30)
 1148  00001c50  ac220008	sw	8(r1),r2
 1149  00001c54  0ffffdc0	jal	_dstrncmp
 1150  00001c58  54000000	nop; delay slot nop
 1151  00001c5c  23bd0010	addi	r29,r29,#16
 1152  00001c60  64220000	snei	r2,r1,#0
 1153  00001c64  14400010	bnez	r2,L44_LF2
 1154  00001c68  54000000	nop; delay slot nop
 1155  00001c6c  8fc10000	lw	r1,(r30)
 1156  00001c70  08000028	j	L40_LF2
 1157  00001c74  54000000	nop; delay slot nop
 1158  00001c78          	L44_LF2:
 1159  00001c78  8fc20000	lw	r2,(r30)
 1160  00001c7c  20410001	addi	r1,r2,#1
 1161  00001c80  00011020	add	r2,r0,r1
 1162  00001c84  afc20000	sw	(r30),r2
 1163  00001c88  0bffff8c	j	L41_LF2
 1164  00001c8c  54000000	nop; delay slot nop
 1165  00001c90          	L42_LF2:
 1166  00001c90  20010000	addi	r1,r0,#0
 1167  00001c94  08000004	j	L40_LF2
 1168  00001c98  54000000	nop; delay slot nop
 1169  00001c9c          	L40_LF2:
 1170  00001c9c  8fa20000	lw	r2,0(r29)
 1171  00001ca0  8fdffff8	lw	r31,-8(r30)
 1172  00001ca4  001ee820	add	r29,r0,r30
 1173  00001ca8  8fdefffc	lw	r30,-4(r30)
 1174  00001cac  4be00000	jr	r31
 1175  00001cb0  54000000	nop
 1176  00001cb4          	.endproc _dstrstr
 1177  00001cb4          	.align 2
 1178  00001cb4          	.proc _dmindex
 1179  00001cb4          	.global _dmindex
 1180  00001cb4          	_dmindex:
 1181                      ;  Function 'dmindex'; 8 bytes of locals, 1 regs to save.
 1182  00001cb4  afbefffc	sw	-4(r29),r30; push fp
 1183  00001cb8  001df020	add	r30,r0,r29; fp = sp
 1184  00001cbc  afbffff8	sw	-8(r29),r31; push ret addr
 1185  00001cc0  2fbd0018	subui	r29,r29,#24; alloc local storage
 1186  00001cc4  afa20000	sw	0(r29),r2
 1187  00001cc8  54000000	nop
 1188  00001ccc          	L46_LF2:
 1189  00001ccc  8fc10000	lw	r1,(r30)
 1190  00001cd0  90220000	lbu	r2,(r1)
 1191  00001cd4  64410000	snei	r1,r2,#0
 1192  00001cd8  1420000c	bnez	r1,L48_LF2
 1193  00001cdc  54000000	nop; delay slot nop
 1194  00001ce0  08000070	j	L47_LF2
 1195  00001ce4  54000000	nop; delay slot nop
 1196  00001ce8          	L48_LF2:
 1197  00001ce8  8fc10004	lw	r1,4(r30)
 1198  00001cec  afc1fff4	sw	-12(r30),r1
 1199  00001cf0          	L49_LF2:
 1200  00001cf0  8fc1fff4	lw	r1,-12(r30)
 1201  00001cf4  90220000	lbu	r2,(r1)
 1202  00001cf8  64410000	snei	r1,r2,#0
 1203  00001cfc  1420000c	bnez	r1,L52_LF2
 1204  00001d00  54000000	nop; delay slot nop
 1205  00001d04  08000044	j	L50_LF2
 1206  00001d08  54000000	nop; delay slot nop
 1207  00001d0c          	L52_LF2:
 1208  00001d0c  8fc10000	lw	r1,(r30)
 1209  00001d10  8fc2fff4	lw	r2,-12(r30)
 1210  00001d14  90210000	lbu	r1,(r1)
 1211  00001d18  90420000	lbu	r2,(r2)
 1212  00001d1c  00220828	seq	r1,r1,r2
 1213  00001d20  10200010	beqz	r1,L51_LF2
 1214  00001d24  54000000	nop; delay slot nop
 1215  00001d28  8fc10000	lw	r1,(r30)
 1216  00001d2c  08000030	j	L45_LF2
 1217  00001d30  54000000	nop; delay slot nop
 1218  00001d34          	L53_LF2:
 1219  00001d34          	L51_LF2:
 1220  00001d34  8fc2fff4	lw	r2,-12(r30)
 1221  00001d38  20410001	addi	r1,r2,#1
 1222  00001d3c  00011020	add	r2,r0,r1
 1223  00001d40  afc2fff4	sw	-12(r30),r2
 1224  00001d44  0bffffa8	j	L49_LF2
 1225  00001d48  54000000	nop; delay slot nop
 1226  00001d4c          	L50_LF2:
 1227  00001d4c  0bffff7c	j	L46_LF2
 1228  00001d50  54000000	nop; delay slot nop
 1229  00001d54          	L47_LF2:
 1230  00001d54  20010000	addi	r1,r0,#0
 1231  00001d58  08000004	j	L45_LF2
 1232  00001d5c  54000000	nop; delay slot nop
 1233  00001d60          	L45_LF2:
 1234  00001d60  8fa20000	lw	r2,0(r29)
 1235  00001d64  8fdffff8	lw	r31,-8(r30)
 1236  00001d68  001ee820	add	r29,r0,r30
 1237  00001d6c  8fdefffc	lw	r30,-4(r30)
 1238  00001d70  4be00000	jr	r31
 1239  00001d74  54000000	nop
 1240  00001d78          	.endproc _dmindex
 1241  00001d78          	.align 2
 1242  00001d78          	.proc _dindex
 1243  00001d78          	.global _dindex
 1244  00001d78          	_dindex:
 1245                      ;  Function 'dindex'; 0 bytes of locals, 1 regs to save.
 1246  00001d78  afbefffc	sw	-4(r29),r30; push fp
 1247  00001d7c  001df020	add	r30,r0,r29; fp = sp
 1248  00001d80  afbffff8	sw	-8(r29),r31; push ret addr
 1249  00001d84  2fbd0010	subui	r29,r29,#16; alloc local storage
 1250  00001d88  afa20000	sw	0(r29),r2
 1251  00001d8c  54000000	nop
 1252  00001d90          	L55_LF2:
 1253  00001d90  8fc10000	lw	r1,(r30)
 1254  00001d94  90220000	lbu	r2,(r1)
 1255  00001d98  64410000	snei	r1,r2,#0
 1256  00001d9c  1420000c	bnez	r1,L57_LF2
 1257  00001da0  54000000	nop; delay slot nop
 1258  00001da4  08000040	j	L56_LF2
 1259  00001da8  54000000	nop; delay slot nop
 1260  00001dac          	L57_LF2:
 1261  00001dac  8fc10000	lw	r1,(r30)
 1262  00001db0  90220000	lbu	r2,(r1)
 1263  00001db4  8fc10004	lw	r1,4(r30)
 1264  00001db8  00411028	seq	r2,r2,r1
 1265  00001dbc  10400010	beqz	r2,L58_LF2
 1266  00001dc0  54000000	nop; delay slot nop
 1267  00001dc4  8fc10000	lw	r1,(r30)
 1268  00001dc8  08000028	j	L54_LF2
 1269  00001dcc  54000000	nop; delay slot nop
 1270  00001dd0          	L58_LF2:
 1271  00001dd0  8fc20000	lw	r2,(r30)
 1272  00001dd4  20410001	addi	r1,r2,#1
 1273  00001dd8  00011020	add	r2,r0,r1
 1274  00001ddc  afc20000	sw	(r30),r2
 1275  00001de0  0bffffac	j	L55_LF2
 1276  00001de4  54000000	nop; delay slot nop
 1277  00001de8          	L56_LF2:
 1278  00001de8  20010000	addi	r1,r0,#0
 1279  00001dec  08000004	j	L54_LF2
 1280  00001df0  54000000	nop; delay slot nop
 1281  00001df4          	L54_LF2:
 1282  00001df4  8fa20000	lw	r2,0(r29)
 1283  00001df8  8fdffff8	lw	r31,-8(r30)
 1284  00001dfc  001ee820	add	r29,r0,r30
 1285  00001e00  8fdefffc	lw	r30,-4(r30)
 1286  00001e04  4be00000	jr	r31
 1287  00001e08  54000000	nop
 1288  00001e0c          	.endproc _dindex
 1289  00001e0c          	.align 2
 1290  00001e0c          	.proc _ditoa
 1291  00001e0c          	.global _ditoa
 1292  00001e0c          	_ditoa:
 1293                      ;  Function 'ditoa'; 8 bytes of locals, 2 regs to save.
 1294  00001e0c  afbefffc	sw	-4(r29),r30; push fp
 1295  00001e10  001df020	add	r30,r0,r29; fp = sp
 1296  00001e14  afbffff8	sw	-8(r29),r31; push ret addr
 1297  00001e18  2fbd0018	subui	r29,r29,#24; alloc local storage
 1298  00001e1c  afa20000	sw	0(r29),r2
 1299  00001e20  afa30004	sw	4(r29),r3
 1300  00001e24  8fc10000	lw	r1,(r30)
 1301  00001e28  68220000	slti	r2,r1,#0
 1302  00001e2c  1040002c	beqz	r2,L60_LF2
 1303  00001e30  54000000	nop; delay slot nop
 1304  00001e34  8fc10004	lw	r1,4(r30)
 1305  00001e38  20220001	addi	r2,r1,#1
 1306  00001e3c  afc20004	sw	4(r30),r2
 1307  00001e40  2002002d	addi	r2,r0,(#0x2d)&0xff
 1308  00001e44  a0220000	sb	(r1),r2
 1309  00001e48  8fc10000	lw	r1,(r30)
 1310  00001e4c  00011022	sub	r2,r0,r1
 1311  00001e50  afc20000	sw	(r30),r2
 1312  00001e54  08000118	j	L61_LF2
 1313  00001e58  54000000	nop; delay slot nop
 1314  00001e5c          	L60_LF2:
 1315  00001e5c  8fc10000	lw	r1,(r30)
 1316  00001e60  64220000	snei	r2,r1,#0
 1317  00001e64  14400020	bnez	r2,L62_LF2
 1318  00001e68  54000000	nop; delay slot nop
 1319  00001e6c  8fc10004	lw	r1,4(r30)
 1320  00001e70  20220001	addi	r2,r1,#1
 1321  00001e74  afc20004	sw	4(r30),r2
 1322  00001e78  20020030	addi	r2,r0,(#0x30)&0xff
 1323  00001e7c  a0220000	sb	(r1),r2
 1324  00001e80  080000ec	j	L61_LF2
 1325  00001e84  54000000	nop; delay slot nop
 1326  00001e88          	L62_LF2:
 1327  00001e88  20010001	addi	r1,r0,#1
 1328  00001e8c  afc1fff4	sw	-12(r30),r1
 1329  00001e90          	L64_LF2:
 1330  00001e90  8fc1fff4	lw	r1,-12(r30)
 1331  00001e94  8fc20000	lw	r2,(r30)
 1332  00001e98  0022082c	sle	r1,r1,r2
 1333  00001e9c  1420000c	bnez	r1,L66_LF2
 1334  00001ea0  54000000	nop; delay slot nop
 1335  00001ea4  08000024	j	L65_LF2
 1336  00001ea8  54000000	nop; delay slot nop
 1337  00001eac          	L67_LF2:
 1338  00001eac          	L66_LF2:
 1339  00001eac  8fc1fff4	lw	r1,-12(r30)
 1340  00001eb0  00011820	add	r3,r0,r1
 1341  00001eb4  50620002	slli	r2,r3,#0x2
 1342  00001eb8  00411020	add	r2,r2,r1
 1343  00001ebc  50410001	slli	r1,r2,#0x1
 1344  00001ec0  afc1fff4	sw	-12(r30),r1
 1345  00001ec4  0bffffc8	j	L64_LF2
 1346  00001ec8  54000000	nop; delay slot nop
 1347  00001ecc          	L65_LF2:
 1348  00001ecc  54000000	nop
 1349  00001ed0          	L68_LF2:
 1350  00001ed0  8fc1fff4	lw	r1,-12(r30)
 1351  00001ed4  2002000a	addi	r2,r0,#10
 1352  00001ed8  00200035	movi2fp	f0,r1
 1353  00001edc  00400835	movi2fp	f1,r2
 1354  00001ee0  0401000f	div	f0,f0,f1
 1355  00001ee4  00000834	movfp2i	r1,f0
 1356  00001ee8  afc1fff4	sw	-12(r30),r1
 1357  00001eec  8fc10004	lw	r1,4(r30)
 1358  00001ef0  20220001	addi	r2,r1,#1
 1359  00001ef4  afc20004	sw	4(r30),r2
 1360  00001ef8  8fc20000	lw	r2,(r30)
 1361  00001efc  8fc3fff4	lw	r3,-12(r30)
 1362  00001f00  00400035	movi2fp	f0,r2
 1363  00001f04  00600835	movi2fp	f1,r3
 1364  00001f08  0401000f	div	f0,f0,f1
 1365  00001f0c  00001034	movfp2i	r2,f0
 1366  00001f10  00021820	add	r3,r0,r2
 1367  00001f14  20620030	addi	r2,r3,#48
 1368  00001f18  a0220000	sb	(r1),r2
 1369  00001f1c  8fc10000	lw	r1,(r30)
 1370  00001f20  8fc3fff4	lw	r3,-12(r30)
 1371  00001f24  00200035	movi2fp	f0,r1
 1372  00001f28  00600835	movi2fp	f1,r3
 1373  00001f2c  0401000f	div	f0,f0,f1
 1374  00001f30  00001034	movfp2i	r2,f0
 1375  00001f34  8fc3fff4	lw	r3,-12(r30)
 1376  00001f38  00400035	movi2fp	f0,r2
 1377  00001f3c  00600835	movi2fp	f1,r3
 1378  00001f40  0401000e	mult	f0,f0,f1
 1379  00001f44  00001034	movfp2i	r2,f0
 1380  00001f48  00220822	sub	r1,r1,r2
 1381  00001f4c  afc10000	sw	(r30),r1
 1382  00001f50          	L70_LF2:
 1383  00001f50  8fc1fff4	lw	r1,-12(r30)
 1384  00001f54  6c220001	sgti	r2,r1,#1
 1385  00001f58  1440000c	bnez	r2,L71_LF2
 1386  00001f5c  54000000	nop; delay slot nop
 1387  00001f60  0800000c	j	L61_LF2
 1388  00001f64  54000000	nop; delay slot nop
 1389  00001f68          	L71_LF2:
 1390  00001f68  0bffff64	j	L68_LF2
 1391  00001f6c  54000000	nop; delay slot nop
 1392  00001f70          	L69_LF2:
 1393  00001f70          	L63_LF2:
 1394  00001f70          	L61_LF2:
 1395  00001f70  8fc10004	lw	r1,4(r30)
 1396  00001f74  20020000	addi	r2,r0,(#0x0)&0xff
 1397  00001f78  a0220000	sb	(r1),r2
 1398  00001f7c          	L59_LF2:
 1399  00001f7c  8fa20000	lw	r2,0(r29)
 1400  00001f80  8fa30004	lw	r3,4(r29)
 1401  00001f84  8fdffff8	lw	r31,-8(r30)
 1402  00001f88  001ee820	add	r29,r0,r30
 1403  00001f8c  8fdefffc	lw	r30,-4(r30)
 1404  00001f90  4be00000	jr	r31
 1405  00001f94  54000000	nop
 1406  00001f98          	.endproc _ditoa
 1407  00001f98          	.align 2
 1408  00001f98          	.proc _dstrtol
 1409  00001f98          	.global _dstrtol
 1410  00001f98          	_dstrtol:
 1411                      ;  Function 'dstrtol'; 16 bytes of locals, 1 regs to save.
 1412  00001f98  afbefffc	sw	-4(r29),r30; push fp
 1413  00001f9c  001df020	add	r30,r0,r29; fp = sp
 1414  00001fa0  afbffff8	sw	-8(r29),r31; push ret addr
 1415  00001fa4  2fbd0020	subui	r29,r29,#32; alloc local storage
 1416  00001fa8  afa20000	sw	0(r29),r2
 1417  00001fac  20010000	addi	r1,r0,#0
 1418  00001fb0  afc1fff4	sw	-12(r30),r1
 1419  00001fb4          	L73_LF2:
 1420  00001fb4  8fc10000	lw	r1,(r30)
 1421  00001fb8  90220000	lbu	r2,(r1)
 1422  00001fbc  60410020	seqi	r1,r2,#32
 1423  00001fc0  14200034	bnez	r1,L75_LF2
 1424  00001fc4  54000000	nop; delay slot nop
 1425  00001fc8  8fc10000	lw	r1,(r30)
 1426  00001fcc  90220000	lbu	r2,(r1)
 1427  00001fd0  60410009	seqi	r1,r2,#9
 1428  00001fd4  14200020	bnez	r1,L75_LF2
 1429  00001fd8  54000000	nop; delay slot nop
 1430  00001fdc  8fc10000	lw	r1,(r30)
 1431  00001fe0  90220000	lbu	r2,(r1)
 1432  00001fe4  6041000a	seqi	r1,r2,#10
 1433  00001fe8  1420000c	bnez	r1,L75_LF2
 1434  00001fec  54000000	nop; delay slot nop
 1435  00001ff0  0800001c	j	L74_LF2
 1436  00001ff4  54000000	nop; delay slot nop
 1437  00001ff8          	L75_LF2:
 1438  00001ff8  8fc20000	lw	r2,(r30)
 1439  00001ffc  20410001	addi	r1,r2,#1
 1440  00002000  00011020	add	r2,r0,r1
 1441  00002004  afc20000	sw	(r30),r2
 1442  00002008  0bffffa8	j	L73_LF2
 1443  0000200c  54000000	nop; delay slot nop
 1444  00002010          	L74_LF2:
 1445  00002010  8fc10004	lw	r1,4(r30)
 1446  00002014  64220000	snei	r2,r1,#0
 1447  00002018  10400010	beqz	r2,L76_LF2
 1448  0000201c  54000000	nop; delay slot nop
 1449  00002020  8fc10004	lw	r1,4(r30)
 1450  00002024  8fc20000	lw	r2,(r30)
 1451  00002028  ac220000	sw	(r1),r2
 1452  0000202c          	L76_LF2:
 1453  0000202c  8fc10000	lw	r1,(r30)
 1454  00002030  90220000	lbu	r2,(r1)
 1455  00002034  64410000	snei	r1,r2,#0
 1456  00002038  14200010	bnez	r1,L77_LF2
 1457  0000203c  54000000	nop; delay slot nop
 1458  00002040  8fc1fff4	lw	r1,-12(r30)
 1459  00002044  08000294	j	L72_LF2
 1460  00002048  54000000	nop; delay slot nop
 1461  0000204c          	L77_LF2:
 1462  0000204c  8fc10000	lw	r1,(r30)
 1463  00002050  90220000	lbu	r2,(r1)
 1464  00002054  6041002d	seqi	r1,r2,#45
 1465  00002058  10200024	beqz	r1,L78_LF2
 1466  0000205c  54000000	nop; delay slot nop
 1467  00002060  2001ffff	addi	r1,r0,#-1
 1468  00002064  afc1ffec	sw	-20(r30),r1
 1469  00002068  8fc20000	lw	r2,(r30)
 1470  0000206c  20410001	addi	r1,r2,#1
 1471  00002070  00011020	add	r2,r0,r1
 1472  00002074  afc20000	sw	(r30),r2
 1473  00002078  0800000c	j	L79_LF2
 1474  0000207c  54000000	nop; delay slot nop
 1475  00002080          	L78_LF2:
 1476  00002080  20010001	addi	r1,r0,#1
 1477  00002084  afc1ffec	sw	-20(r30),r1
 1478  00002088          	L79_LF2:
 1479  00002088  8fc10008	lw	r1,8(r30)
 1480  0000208c  64220000	snei	r2,r1,#0
 1481  00002090  14400090	bnez	r2,L80_LF2
 1482  00002094  54000000	nop; delay slot nop
 1483  00002098  8fc10000	lw	r1,(r30)
 1484  0000209c  90220000	lbu	r2,(r1)
 1485  000020a0  60410030	seqi	r1,r2,#48
 1486  000020a4  10200074	beqz	r1,L81_LF2
 1487  000020a8  54000000	nop; delay slot nop
 1488  000020ac  8fc20000	lw	r2,(r30)
 1489  000020b0  20410001	addi	r1,r2,#1
 1490  000020b4  00011020	add	r2,r0,r1
 1491  000020b8  afc20000	sw	(r30),r2
 1492  000020bc  8fc10000	lw	r1,(r30)
 1493  000020c0  90220000	lbu	r2,(r1)
 1494  000020c4  60410078	seqi	r1,r2,#120
 1495  000020c8  14200020	bnez	r1,L83_LF2
 1496  000020cc  54000000	nop; delay slot nop
 1497  000020d0  8fc10000	lw	r1,(r30)
 1498  000020d4  90220000	lbu	r2,(r1)
 1499  000020d8  60410058	seqi	r1,r2,#88
 1500  000020dc  1420000c	bnez	r1,L83_LF2
 1501  000020e0  54000000	nop; delay slot nop
 1502  000020e4  08000024	j	L82_LF2
 1503  000020e8  54000000	nop; delay slot nop
 1504  000020ec          	L83_LF2:
 1505  000020ec  20010010	addi	r1,r0,#16
 1506  000020f0  afc10008	sw	8(r30),r1
 1507  000020f4  8fc20000	lw	r2,(r30)
 1508  000020f8  20410001	addi	r1,r2,#1
 1509  000020fc  00011020	add	r2,r0,r1
 1510  00002100  afc20000	sw	(r30),r2
 1511  00002104  0800000c	j	L84_LF2
 1512  00002108  54000000	nop; delay slot nop
 1513  0000210c          	L82_LF2:
 1514  0000210c  20010008	addi	r1,r0,#8
 1515  00002110  afc10008	sw	8(r30),r1
 1516  00002114          	L84_LF2:
 1517  00002114  0800000c	j	L80_LF2
 1518  00002118  54000000	nop; delay slot nop
 1519  0000211c          	L81_LF2:
 1520  0000211c  2001000a	addi	r1,r0,#10
 1521  00002120  afc10008	sw	8(r30),r1
 1522  00002124          	L85_LF2:
 1523  00002124          	L80_LF2:
 1524  00002124  8fc10008	lw	r1,8(r30)
 1525  00002128  70220000	slei	r2,r1,#0
 1526  0000212c  1440001c	bnez	r2,L87_LF2
 1527  00002130  54000000	nop; delay slot nop
 1528  00002134  8fc10008	lw	r1,8(r30)
 1529  00002138  6c220010	sgti	r2,r1,#16
 1530  0000213c  1440000c	bnez	r2,L87_LF2
 1531  00002140  54000000	nop; delay slot nop
 1532  00002144  08000010	j	L86_LF2
 1533  00002148  54000000	nop; delay slot nop
 1534  0000214c          	L87_LF2:
 1535  0000214c  8fc1fff4	lw	r1,-12(r30)
 1536  00002150  08000188	j	L72_LF2
 1537  00002154  54000000	nop; delay slot nop
 1538  00002158          	L86_LF2:
 1539  00002158  54000000	nop
 1540  0000215c          	L88_LF2:
 1541  0000215c  8fc10000	lw	r1,(r30)
 1542  00002160  90220000	lbu	r2,(r1)
 1543  00002164  6c41002f	sgtui	r1,r2,#47
 1544  00002168  10200030	beqz	r1,L91_LF2
 1545  0000216c  54000000	nop; delay slot nop
 1546  00002170  8fc10000	lw	r1,(r30)
 1547  00002174  90220000	lbu	r2,(r1)
 1548  00002178  70410039	sleui	r1,r2,#57
 1549  0000217c  1020001c	beqz	r1,L91_LF2
 1550  00002180  54000000	nop; delay slot nop
 1551  00002184  8fc10000	lw	r1,(r30)
 1552  00002188  90220000	lbu	r2,(r1)
 1553  0000218c  2041ffd0	addi	r1,r2,#-48
 1554  00002190  afc1fff0	sw	-16(r30),r1
 1555  00002194  0800008c	j	L92_LF2
 1556  00002198  54000000	nop; delay slot nop
 1557  0000219c          	L91_LF2:
 1558  0000219c  8fc10000	lw	r1,(r30)
 1559  000021a0  90220000	lbu	r2,(r1)
 1560  000021a4  6c410060	sgtui	r1,r2,#96
 1561  000021a8  10200030	beqz	r1,L93_LF2
 1562  000021ac  54000000	nop; delay slot nop
 1563  000021b0  8fc10000	lw	r1,(r30)
 1564  000021b4  90220000	lbu	r2,(r1)
 1565  000021b8  7041007a	sleui	r1,r2,#122
 1566  000021bc  1020001c	beqz	r1,L93_LF2
 1567  000021c0  54000000	nop; delay slot nop
 1568  000021c4  8fc10000	lw	r1,(r30)
 1569  000021c8  90220000	lbu	r2,(r1)
 1570  000021cc  2041ffa9	addi	r1,r2,#-87
 1571  000021d0  afc1fff0	sw	-16(r30),r1
 1572  000021d4  0800004c	j	L92_LF2
 1573  000021d8  54000000	nop; delay slot nop
 1574  000021dc          	L93_LF2:
 1575  000021dc  8fc10000	lw	r1,(r30)
 1576  000021e0  90220000	lbu	r2,(r1)
 1577  000021e4  6c410040	sgtui	r1,r2,#64
 1578  000021e8  10200030	beqz	r1,L95_LF2
 1579  000021ec  54000000	nop; delay slot nop
 1580  000021f0  8fc10000	lw	r1,(r30)
 1581  000021f4  90220000	lbu	r2,(r1)
 1582  000021f8  7041005a	sleui	r1,r2,#90
 1583  000021fc  1020001c	beqz	r1,L95_LF2
 1584  00002200  54000000	nop; delay slot nop
 1585  00002204  8fc10000	lw	r1,(r30)
 1586  00002208  90220000	lbu	r2,(r1)
 1587  0000220c  2041ffc9	addi	r1,r2,#-55
 1588  00002210  afc1fff0	sw	-16(r30),r1
 1589  00002214  0800000c	j	L92_LF2
 1590  00002218  54000000	nop; delay slot nop
 1591  0000221c          	L95_LF2:
 1592  0000221c  200103e8	addi	r1,r0,#1000
 1593  00002220  afc1fff0	sw	-16(r30),r1
 1594  00002224          	L96_LF2:
 1595  00002224          	L94_LF2:
 1596  00002224          	L92_LF2:
 1597  00002224  8fc1fff0	lw	r1,-16(r30)
 1598  00002228  8fc20008	lw	r2,8(r30)
 1599  0000222c  0022082a	slt	r1,r1,r2
 1600  00002230  10200040	beqz	r1,L90_LF2
 1601  00002234  54000000	nop; delay slot nop
 1602  00002238  8fc1fff4	lw	r1,-12(r30)
 1603  0000223c  8fc20008	lw	r2,8(r30)
 1604  00002240  00200035	movi2fp	f0,r1
 1605  00002244  00400835	movi2fp	f1,r2
 1606  00002248  0401000e	mult	f0,f0,f1
 1607  0000224c  00000834	movfp2i	r1,f0
 1608  00002250  afc1fff4	sw	-12(r30),r1
 1609  00002254  8fc1fff4	lw	r1,-12(r30)
 1610  00002258  8fc2fff0	lw	r2,-16(r30)
 1611  0000225c  00220820	add	r1,r1,r2
 1612  00002260  afc1fff4	sw	-12(r30),r1
 1613  00002264  8fc20000	lw	r2,(r30)
 1614  00002268  20410001	addi	r1,r2,#1
 1615  0000226c  00011020	add	r2,r0,r1
 1616  00002270  afc20000	sw	(r30),r2
 1617  00002274          	L97_LF2:
 1618  00002274          	L90_LF2:
 1619  00002274  8fc1fff0	lw	r1,-16(r30)
 1620  00002278  8fc20008	lw	r2,8(r30)
 1621  0000227c  0022082a	slt	r1,r1,r2
 1622  00002280  1420000c	bnez	r1,L98_LF2
 1623  00002284  54000000	nop; delay slot nop
 1624  00002288  0800000c	j	L89_LF2
 1625  0000228c  54000000	nop; delay slot nop
 1626  00002290          	L98_LF2:
 1627  00002290  0bfffec8	j	L88_LF2
 1628  00002294  54000000	nop; delay slot nop
 1629  00002298          	L89_LF2:
 1630  00002298  8fc10004	lw	r1,4(r30)
 1631  0000229c  64220000	snei	r2,r1,#0
 1632  000022a0  10400010	beqz	r2,L99_LF2
 1633  000022a4  54000000	nop; delay slot nop
 1634  000022a8  8fc10004	lw	r1,4(r30)
 1635  000022ac  8fc20000	lw	r2,(r30)
 1636  000022b0  ac220000	sw	(r1),r2
 1637  000022b4          	L99_LF2:
 1638  000022b4  8fc1fff4	lw	r1,-12(r30)
 1639  000022b8  8fc2ffec	lw	r2,-20(r30)
 1640  000022bc  00200035	movi2fp	f0,r1
 1641  000022c0  00400835	movi2fp	f1,r2
 1642  000022c4  0401000e	mult	f0,f0,f1
 1643  000022c8  00000834	movfp2i	r1,f0
 1644  000022cc  afc1fff4	sw	-12(r30),r1
 1645  000022d0  8fc1fff4	lw	r1,-12(r30)
 1646  000022d4  08000004	j	L72_LF2
 1647  000022d8  54000000	nop; delay slot nop
 1648  000022dc          	L72_LF2:
 1649  000022dc  8fa20000	lw	r2,0(r29)
 1650  000022e0  8fdffff8	lw	r31,-8(r30)
 1651  000022e4  001ee820	add	r29,r0,r30
 1652  000022e8  8fdefffc	lw	r30,-4(r30)
 1653  000022ec  4be00000	jr	r31
 1654  000022f0  54000000	nop
 1655  000022f4          	.endproc _dstrtol
 1656  000022f4          	.align 2
 1657  000022f4          	.proc _bcopy
 1658  000022f4          	.global _bcopy
 1659  000022f4          	_bcopy:
 1660                      ;  Function 'bcopy'; 0 bytes of locals, 2 regs to save.
 1661  000022f4  afbefffc	sw	-4(r29),r30; push fp
 1662  000022f8  001df020	add	r30,r0,r29; fp = sp
 1663  000022fc  afbffff8	sw	-8(r29),r31; push ret addr
 1664  00002300  2fbd0010	subui	r29,r29,#16; alloc local storage
 1665  00002304  afa20000	sw	0(r29),r2
 1666  00002308  afa30004	sw	4(r29),r3
 1667  0000230c  54000000	nop
 1668  00002310          	L101_LF2:
 1669  00002310  8fc10008	lw	r1,8(r30)
 1670  00002314  2022ffff	addi	r2,r1,#-1
 1671  00002318  afc20008	sw	8(r30),r2
 1672  0000231c  6c210000	sgti	r1,r1,#0
 1673  00002320  1420000c	bnez	r1,L103_LF2
 1674  00002324  54000000	nop; delay slot nop
 1675  00002328  0800002c	j	L102_LF2
 1676  0000232c  54000000	nop; delay slot nop
 1677  00002330          	L103_LF2:
 1678  00002330  8fc10004	lw	r1,4(r30)
 1679  00002334  20220001	addi	r2,r1,#1
 1680  00002338  afc20004	sw	4(r30),r2
 1681  0000233c  8fc20000	lw	r2,(r30)
 1682  00002340  20430001	addi	r3,r2,#1
 1683  00002344  afc30000	sw	(r30),r3
 1684  00002348  80420000	lb	r2,(r2)
 1685  0000234c  a0220000	sb	(r1),r2
 1686  00002350  0bffffbc	j	L101_LF2
 1687  00002354  54000000	nop; delay slot nop
 1688  00002358          	L102_LF2:
 1689  00002358          	L100_LF2:
 1690  00002358  8fa20000	lw	r2,0(r29)
 1691  0000235c  8fa30004	lw	r3,4(r29)
 1692  00002360  8fdffff8	lw	r31,-8(r30)
 1693  00002364  001ee820	add	r29,r0,r30
 1694  00002368  8fdefffc	lw	r30,-4(r30)
 1695  0000236c  4be00000	jr	r31
 1696  00002370  54000000	nop
 1697  00002374          	.endproc _bcopy
 1698  00002374          	.align 2
 1699  00002374          	.proc _bzero
 1700  00002374          	.global _bzero
 1701  00002374          	_bzero:
 1702                      ;  Function 'bzero'; 0 bytes of locals, 1 regs to save.
 1703  00002374  afbefffc	sw	-4(r29),r30; push fp
 1704  00002378  001df020	add	r30,r0,r29; fp = sp
 1705  0000237c  afbffff8	sw	-8(r29),r31; push ret addr
 1706  00002380  2fbd0010	subui	r29,r29,#16; alloc local storage
 1707  00002384  afa20000	sw	0(r29),r2
 1708  00002388  54000000	nop
 1709  0000238c          	L105_LF2:
 1710  0000238c  8fc10004	lw	r1,4(r30)
 1711  00002390  2022ffff	addi	r2,r1,#-1
 1712  00002394  afc20004	sw	4(r30),r2
 1713  00002398  6c210000	sgti	r1,r1,#0
 1714  0000239c  1420000c	bnez	r1,L107_LF2
 1715  000023a0  54000000	nop; delay slot nop
 1716  000023a4  08000020	j	L106_LF2
 1717  000023a8  54000000	nop; delay slot nop
 1718  000023ac          	L107_LF2:
 1719  000023ac  8fc10000	lw	r1,(r30)
 1720  000023b0  20220001	addi	r2,r1,#1
 1721  000023b4  afc20000	sw	(r30),r2
 1722  000023b8  20020000	addi	r2,r0,(#0x0)&0xff
 1723  000023bc  a0220000	sb	(r1),r2
 1724  000023c0  0bffffc8	j	L105_LF2
 1725  000023c4  54000000	nop; delay slot nop
 1726  000023c8          	L106_LF2:
 1727  000023c8          	L104_LF2:
 1728  000023c8  8fa20000	lw	r2,0(r29)
 1729  000023cc  8fdffff8	lw	r31,-8(r30)
 1730  000023d0  001ee820	add	r29,r0,r30
 1731  000023d4  8fdefffc	lw	r30,-4(r30)
 1732  000023d8  4be00000	jr	r31
 1733  000023dc  54000000	nop
 1734  000023e0          	.endproc _bzero
 1735  000023e0          	.align 2
 1736  000023e0          	.proc _min
 1737  000023e0          	.global _min
 1738  000023e0          	_min:
 1739                      ;  Function 'min'; 0 bytes of locals, 2 regs to save.
 1740  000023e0  afbefffc	sw	-4(r29),r30; push fp
 1741  000023e4  001df020	add	r30,r0,r29; fp = sp
 1742  000023e8  afbffff8	sw	-8(r29),r31; push ret addr
 1743  000023ec  2fbd0010	subui	r29,r29,#16; alloc local storage
 1744  000023f0  afa20000	sw	0(r29),r2
 1745  000023f4  afa30004	sw	4(r29),r3
 1746  000023f8  8fc10000	lw	r1,(r30)
 1747  000023fc  8fc20004	lw	r2,4(r30)
 1748  00002400  0022182c	sle	r3,r1,r2
 1749  00002404  14600008	bnez	r3,L109_LF2
 1750  00002408  54000000	nop; delay slot nop
 1751  0000240c  8fc10004	lw	r1,4(r30)
 1752  00002410          	L109_LF2:
 1753  00002410  08000004	j	L108_LF2
 1754  00002414  54000000	nop; delay slot nop
 1755  00002418          	L108_LF2:
 1756  00002418  8fa20000	lw	r2,0(r29)
 1757  0000241c  8fa30004	lw	r3,4(r29)
 1758  00002420  8fdffff8	lw	r31,-8(r30)
 1759  00002424  001ee820	add	r29,r0,r30
 1760  00002428  8fdefffc	lw	r30,-4(r30)
 1761  0000242c  4be00000	jr	r31
 1762  00002430  54000000	nop
 1763  00002434          	.endproc _min
 1764  00002434          	.align 2
 1765  00002434          	.proc _max
 1766  00002434          	.global _max
 1767  00002434          	_max:
 1768                      ;  Function 'max'; 0 bytes of locals, 2 regs to save.
 1769  00002434  afbefffc	sw	-4(r29),r30; push fp
 1770  00002438  001df020	add	r30,r0,r29; fp = sp
 1771  0000243c  afbffff8	sw	-8(r29),r31; push ret addr
 1772  00002440  2fbd0010	subui	r29,r29,#16; alloc local storage
 1773  00002444  afa20000	sw	0(r29),r2
 1774  00002448  afa30004	sw	4(r29),r3
 1775  0000244c  8fc10000	lw	r1,(r30)
 1776  00002450  8fc20004	lw	r2,4(r30)
 1777  00002454  0022182d	sge	r3,r1,r2
 1778  00002458  14600008	bnez	r3,L111_LF2
 1779  0000245c  54000000	nop; delay slot nop
 1780  00002460  8fc10004	lw	r1,4(r30)
 1781  00002464          	L111_LF2:
 1782  00002464  08000004	j	L110_LF2
 1783  00002468  54000000	nop; delay slot nop
 1784  0000246c          	L110_LF2:
 1785  0000246c  8fa20000	lw	r2,0(r29)
 1786  00002470  8fa30004	lw	r3,4(r29)
 1787  00002474  8fdffff8	lw	r31,-8(r30)
 1788  00002478  001ee820	add	r29,r0,r30
 1789  0000247c  8fdefffc	lw	r30,-4(r30)
 1790  00002480  4be00000	jr	r31
 1791  00002484  54000000	nop
 1792  00002488          	.endproc _max
 1793                      ;;; Ethan L. Miller, 1999.  Released to the public domain
 1794                      ;;;
 1795                      ;;; Most of the traps are called in files from libtraps.
 1798  00002488          	.align 2
 1799  00002488          	.proc _exit
 1800  00002488          	.global _exit
 1801  00002488          	_exit:
 1802  00002488  44000300	trap	#0x300
 1803  0000248c  4be00000	jr	r31
 1804  00002490  54000000	nop
 1805  00002494          	.endproc _exit
 1807                      ; for the benefit of gcc.
 1808  00002494          	.proc ___main
 1809  00002494          	.global ___main
 1810  00002494          	___main:
 1811  00002494  4be00000	jr	r31
 1812  00002498  54000000	nop
 1813  0000249c          	.endproc ___main
 1814  0000249c          	.text
 1815  0000249c          	.global _etext
 1816  0000249c          	_etext:
 1817  0000249c          	.align 3
 1818  000024a0          	.data
 1819  0000332a          	.global _edata
 1820  0000332a          	_edata:
